This is pdfTeX, Version 3.1415926-2.5-1.40.14 (MiKTeX 2.9 64-bit) (preloaded format=pdflatex 2014.11.28)  24 MAY 2017 19:06
entering extended mode
**EPL-TFE_CoverPageTemplate.tex

(F:\Memoire\CodeSavedOnline\New\MasterThesis\paper\SecondVersion\EPL-TFE_CoverP
ageTemplate.tex
LaTeX2e <2011/06/27>
Babel <v3.8m> and hyphenation patterns for english, afrikaans, ancientgreek, ar
abic, armenian, assamese, basque, bengali, bokmal, bulgarian, catalan, coptic, 
croatian, czech, danish, dutch, esperanto, estonian, farsi, finnish, french, ga
lician, german, german-x-2013-05-26, greek, gujarati, hindi, hungarian, iceland
ic, indonesian, interlingua, irish, italian, kannada, kurmanji, latin, latvian,
 lithuanian, malayalam, marathi, mongolian, mongolianlmc, monogreek, ngerman, n
german-x-2013-05-26, nynorsk, oriya, panjabi, pinyin, polish, portuguese, roman
ian, russian, sanskrit, serbian, slovak, slovenian, spanish, swedish, swissgerm
an, tamil, telugu, turkish, turkmen, ukenglish, ukrainian, uppersorbian, usengl
ishmax, welsh, loaded.

(F:\Memoire\CodeSavedOnline\New\MasterThesis\paper\SecondVersion\eplmastersthes
is.cls
Document Class: eplmastersthesis 2016/05/21 EPL Master''s Thesis class
("C:\Program Files\MiKTeX 2.9\tex\latex\base\article.cls"
Document Class: article 2007/10/19 v1.4h Standard LaTeX document class
("C:\Program Files\MiKTeX 2.9\tex\latex\base\size11.clo"
File: size11.clo 2007/10/19 v1.4h Standard LaTeX file (size option)
)
\c@part=\count79
\c@section=\count80
\c@subsection=\count81
\c@subsubsection=\count82
\c@paragraph=\count83
\c@subparagraph=\count84
\c@figure=\count85
\c@table=\count86
\abovecaptionskip=\skip41
\belowcaptionskip=\skip42
\bibindent=\dimen102
)
("C:\Program Files\MiKTeX 2.9\tex\latex\base\inputenc.sty"
Package: inputenc 2008/03/30 v1.1d Input encoding file
\inpenc@prehook=\toks14
\inpenc@posthook=\toks15

("C:\Program Files\MiKTeX 2.9\tex\latex\ucs\utf8x.def"
File: utf8x.def 2004/10/17 UCS: Input encoding UTF-8
))
("C:\Program Files\MiKTeX 2.9\tex\latex\ucs\ucs.sty"
Package: ucs 2013/05/11 v2.2 UCS: Unicode input support

("C:\Program Files\MiKTeX 2.9\tex\latex\ucs\uni-global.def"
File: uni-global.def 2013/05/13 UCS: Unicode global data
)
\uc@secondtry=\count87
\uc@combtoks=\toks16
\uc@combtoksb=\toks17
\uc@temptokena=\toks18
)
("C:\Program Files\MiKTeX 2.9\tex\generic\babel\babel.sty"
Package: babel 2008/07/08 v3.8m The Babel package

*************************************
* Local config file bblopts.cfg used
*
("C:\Program Files\MiKTeX 2.9\tex\latex\00miktex\bblopts.cfg"
File: bblopts.cfg 2006/07/31 v1.0 MiKTeX 'babel' configuration
)
(C:\Users\Cyril\AppData\Roaming\MiKTeX\2.9\tex\latex\babel-english\english.ldf
Language: english 2017/01/24 v3.3q English support from the babel system

("C:\Program Files\MiKTeX 2.9\tex\generic\babel\babel.def"
File: babel.def 2008/07/08 v3.8m Babel common definitions
\babel@savecnt=\count88
\U@D=\dimen103
)
\l@canadian = a dialect from \language\l@american 
\l@australian = a dialect from \language\l@british 
\l@newzealand = a dialect from \language\l@british 
))
("C:\Program Files\MiKTeX 2.9\tex\latex\microtype\microtype.sty"
Package: microtype 2016/05/14 v2.6a Micro-typographical refinements (RS)

("C:\Program Files\MiKTeX 2.9\tex\latex\graphics\keyval.sty"
Package: keyval 1999/03/16 v1.13 key=value parser (DPC)
\KV@toks@=\toks19
)
\MT@toks=\toks20
\MT@count=\count89
LaTeX Info: Redefining \textls on input line 774.
\MT@outer@kern=\dimen104
LaTeX Info: Redefining \textmicrotypecontext on input line 1310.
\MT@listname@count=\count90

("C:\Program Files\MiKTeX 2.9\tex\latex\microtype\microtype-pdftex.def"
File: microtype-pdftex.def 2016/05/14 v2.6a Definitions specific to pdftex (RS)

LaTeX Info: Redefining \lsstyle on input line 916.
LaTeX Info: Redefining \lslig on input line 916.
\MT@outer@space=\skip43
)
Package microtype Info: Loading configuration file microtype.cfg.

("C:\Program Files\MiKTeX 2.9\tex\latex\microtype\microtype.cfg"
File: microtype.cfg 2016/05/14 v2.6a microtype main configuration file (RS)
))
("C:\Program Files\MiKTeX 2.9\tex\latex\base\fontenc.sty"
Package: fontenc 2005/09/27 v1.99g Standard LaTeX package

("C:\Program Files\MiKTeX 2.9\tex\latex\base\t1enc.def"
File: t1enc.def 2005/09/27 v1.99g Standard LaTeX file
LaTeX Font Info:    Redeclaring font encoding T1 on input line 43.
))
("C:\Program Files\MiKTeX 2.9\tex\latex\lm\lmodern.sty"
Package: lmodern 2009/10/30 v1.6 Latin Modern Fonts
LaTeX Font Info:    Overwriting symbol font `operators' in version `normal'
(Font)                  OT1/cmr/m/n --> OT1/lmr/m/n on input line 22.
LaTeX Font Info:    Overwriting symbol font `letters' in version `normal'
(Font)                  OML/cmm/m/it --> OML/lmm/m/it on input line 23.
LaTeX Font Info:    Overwriting symbol font `symbols' in version `normal'
(Font)                  OMS/cmsy/m/n --> OMS/lmsy/m/n on input line 24.
LaTeX Font Info:    Overwriting symbol font `largesymbols' in version `normal'
(Font)                  OMX/cmex/m/n --> OMX/lmex/m/n on input line 25.
LaTeX Font Info:    Overwriting symbol font `operators' in version `bold'
(Font)                  OT1/cmr/bx/n --> OT1/lmr/bx/n on input line 26.
LaTeX Font Info:    Overwriting symbol font `letters' in version `bold'
(Font)                  OML/cmm/b/it --> OML/lmm/b/it on input line 27.
LaTeX Font Info:    Overwriting symbol font `symbols' in version `bold'
(Font)                  OMS/cmsy/b/n --> OMS/lmsy/b/n on input line 28.
LaTeX Font Info:    Overwriting symbol font `largesymbols' in version `bold'
(Font)                  OMX/cmex/m/n --> OMX/lmex/m/n on input line 29.
LaTeX Font Info:    Overwriting math alphabet `\mathbf' in version `normal'
(Font)                  OT1/cmr/bx/n --> OT1/lmr/bx/n on input line 31.
LaTeX Font Info:    Overwriting math alphabet `\mathsf' in version `normal'
(Font)                  OT1/cmss/m/n --> OT1/lmss/m/n on input line 32.
LaTeX Font Info:    Overwriting math alphabet `\mathit' in version `normal'
(Font)                  OT1/cmr/m/it --> OT1/lmr/m/it on input line 33.
LaTeX Font Info:    Overwriting math alphabet `\mathtt' in version `normal'
(Font)                  OT1/cmtt/m/n --> OT1/lmtt/m/n on input line 34.
LaTeX Font Info:    Overwriting math alphabet `\mathbf' in version `bold'
(Font)                  OT1/cmr/bx/n --> OT1/lmr/bx/n on input line 35.
LaTeX Font Info:    Overwriting math alphabet `\mathsf' in version `bold'
(Font)                  OT1/cmss/bx/n --> OT1/lmss/bx/n on input line 36.
LaTeX Font Info:    Overwriting math alphabet `\mathit' in version `bold'
(Font)                  OT1/cmr/bx/it --> OT1/lmr/bx/it on input line 37.
LaTeX Font Info:    Overwriting math alphabet `\mathtt' in version `bold'
(Font)                  OT1/cmtt/m/n --> OT1/lmtt/m/n on input line 38.
)
("C:\Program Files\MiKTeX 2.9\tex\latex\graphics\graphicx.sty"
Package: graphicx 1999/02/16 v1.0f Enhanced LaTeX Graphics (DPC,SPQR)

("C:\Program Files\MiKTeX 2.9\tex\latex\graphics\graphics.sty"
Package: graphics 2009/02/05 v1.0o Standard LaTeX Graphics (DPC,SPQR)

("C:\Program Files\MiKTeX 2.9\tex\latex\graphics\trig.sty"
Package: trig 1999/03/16 v1.09 sin cos tan (DPC)
)
("C:\Program Files\MiKTeX 2.9\tex\latex\00miktex\graphics.cfg"
File: graphics.cfg 2007/01/18 v1.5 graphics configuration of teTeX/TeXLive
)
Package graphics Info: Driver file: pdftex.def on input line 91.

("C:\Program Files\MiKTeX 2.9\tex\latex\pdftex-def\pdftex.def"
File: pdftex.def 2011/05/27 v0.06d Graphics/color for pdfTeX

("C:\Program Files\MiKTeX 2.9\tex\generic\oberdiek\infwarerr.sty"
Package: infwarerr 2010/04/08 v1.3 Providing info/warning/error messages (HO)
)
("C:\Program Files\MiKTeX 2.9\tex\generic\oberdiek\ltxcmds.sty"
Package: ltxcmds 2011/11/09 v1.22 LaTeX kernel commands for general use (HO)
)
\Gread@gobject=\count91
))
\Gin@req@height=\dimen105
\Gin@req@width=\dimen106
)
("C:\Program Files\MiKTeX 2.9\tex\latex\graphics\color.sty"
Package: color 2005/11/14 v1.0j Standard LaTeX Color (DPC)

("C:\Program Files\MiKTeX 2.9\tex\latex\00miktex\color.cfg"
File: color.cfg 2007/01/18 v1.5 color configuration of teTeX/TeXLive
)
Package color Info: Driver file: pdftex.def on input line 130.
)
("C:\Program Files\MiKTeX 2.9\tex\latex\geometry\geometry.sty"
Package: geometry 2010/09/12 v5.6 Page Geometry

("C:\Program Files\MiKTeX 2.9\tex\generic\oberdiek\ifpdf.sty"
Package: ifpdf 2011/01/30 v2.3 Provides the ifpdf switch (HO)
Package ifpdf Info: pdfTeX in PDF mode is detected.
)
("C:\Program Files\MiKTeX 2.9\tex\generic\oberdiek\ifvtex.sty"
Package: ifvtex 2010/03/01 v1.5 Detect VTeX and its facilities (HO)
Package ifvtex Info: VTeX not detected.
)
("C:\Program Files\MiKTeX 2.9\tex\generic\ifxetex\ifxetex.sty"
Package: ifxetex 2010/09/12 v0.6 Provides ifxetex conditional
)
\Gm@cnth=\count92
\Gm@cntv=\count93
\c@Gm@tempcnt=\count94
\Gm@bindingoffset=\dimen107
\Gm@wd@mp=\dimen108
\Gm@odd@mp=\dimen109
\Gm@even@mp=\dimen110
\Gm@layoutwidth=\dimen111
\Gm@layoutheight=\dimen112
\Gm@layouthoffset=\dimen113
\Gm@layoutvoffset=\dimen114
\Gm@dimlist=\toks21

("C:\Program Files\MiKTeX 2.9\tex\latex\geometry\geometry.cfg"))
("C:\Program Files\MiKTeX 2.9\tex\latex\etoolbox\etoolbox.sty"
Package: etoolbox 2011/01/03 v2.1 e-TeX tools for LaTeX

("C:\Program Files\MiKTeX 2.9\tex\latex\misc\etex.sty"
Package: etex 1998/03/26 v2.0 eTeX basic definition package (PEB)
\et@xins=\count95
)
\etb@tempcnta=\count96
))
("C:\Program Files\MiKTeX 2.9\tex\latex\tools\multicol.sty"
Package: multicol 2011/06/27 v1.7a multicolumn formatting (FMi)
\c@tracingmulticols=\count97
\mult@box=\box26
\multicol@leftmargin=\dimen115
\c@unbalance=\count98
\c@collectmore=\count99
\doublecol@number=\count100
\multicoltolerance=\count101
\multicolpretolerance=\count102
\full@width=\dimen116
\page@free=\dimen117
\premulticols=\dimen118
\postmulticols=\dimen119
\multicolsep=\skip44
\multicolbaselineskip=\skip45
\partial@page=\box27
\last@line=\box28
\mult@rightbox=\box29
\mult@grightbox=\box30
\mult@gfirstbox=\box31
\mult@firstbox=\box32
\@tempa=\box33
\@tempa=\box34
\@tempa=\box35
\@tempa=\box36
\@tempa=\box37
\@tempa=\box38
\@tempa=\box39
\@tempa=\box40
\@tempa=\box41
\@tempa=\box42
\@tempa=\box43
\@tempa=\box44
\@tempa=\box45
\@tempa=\box46
\@tempa=\box47
\@tempa=\box48
\@tempa=\box49
\c@columnbadness=\count103
\c@finalcolumnbadness=\count104
\last@try=\dimen120
\multicolovershoot=\dimen121
\multicolundershoot=\dimen122
\mult@nat@firstbox=\box50
\colbreak@box=\box51
\multicol@sort@counter=\count105
)
("C:\Program Files\MiKTeX 2.9\tex\latex\multirow\multirow.sty"
\bigstrutjot=\dimen123
)
("C:\Program Files\MiKTeX 2.9\tex\latex\rotating\rotating.sty"
Package: rotating 2009/03/28 v2.16a rotated objects in LaTeX

("C:\Program Files\MiKTeX 2.9\tex\latex\base\ifthen.sty"
Package: ifthen 2001/05/26 v1.1c Standard LaTeX ifthen package (DPC)
)
\c@r@tfl@t=\count106
\rotFPtop=\skip46
\rotFPbot=\skip47
\rot@float@box=\box52
\rot@mess@toks=\toks22
)
("C:\Program Files\MiKTeX 2.9\tex\latex\hyperref\hyperref.sty"
Package: hyperref 2012/11/06 v6.83m Hypertext links for LaTeX

("C:\Program Files\MiKTeX 2.9\tex\generic\oberdiek\hobsub-hyperref.sty"
Package: hobsub-hyperref 2012/04/25 v1.12 Bundle oberdiek, subset hyperref (HO)


("C:\Program Files\MiKTeX 2.9\tex\generic\oberdiek\hobsub-generic.sty"
Package: hobsub-generic 2012/04/25 v1.12 Bundle oberdiek, subset generic (HO)
Package: hobsub 2012/04/25 v1.12 Construct package bundles (HO)
Package hobsub Info: Skipping package `infwarerr' (already loaded).
Package hobsub Info: Skipping package `ltxcmds' (already loaded).
Package: ifluatex 2010/03/01 v1.3 Provides the ifluatex switch (HO)
Package ifluatex Info: LuaTeX not detected.
Package hobsub Info: Skipping package `ifvtex' (already loaded).
Package: intcalc 2007/09/27 v1.1 Expandable calculations with integers (HO)
Package hobsub Info: Skipping package `ifpdf' (already loaded).
Package: etexcmds 2011/02/16 v1.5 Avoid name clashes with e-TeX commands (HO)
Package etexcmds Info: Could not find \expanded.
(etexcmds)             That can mean that you are not using pdfTeX 1.50 or
(etexcmds)             that some package has redefined \expanded.
(etexcmds)             In the latter case, load this package earlier.
Package: kvsetkeys 2012/04/25 v1.16 Key value parser (HO)
Package: kvdefinekeys 2011/04/07 v1.3 Define keys (HO)
Package: pdftexcmds 2011/11/29 v0.20 Utility functions of pdfTeX for LuaTeX (HO
)
Package pdftexcmds Info: LuaTeX not detected.
Package pdftexcmds Info: \pdf@primitive is available.
Package pdftexcmds Info: \pdf@ifprimitive is available.
Package pdftexcmds Info: \pdfdraftmode found.
Package: pdfescape 2011/11/25 v1.13 Implements pdfTeX's escape features (HO)
Package: bigintcalc 2012/04/08 v1.3 Expandable calculations on big integers (HO
)
Package: bitset 2011/01/30 v1.1 Handle bit-vector datatype (HO)
Package: uniquecounter 2011/01/30 v1.2 Provide unlimited unique counter (HO)
)
Package hobsub Info: Skipping package `hobsub' (already loaded).
Package: letltxmacro 2010/09/02 v1.4 Let assignment for LaTeX macros (HO)
Package: hopatch 2011/06/24 v1.1 Wrapper for package hooks (HO)
Package: xcolor-patch 2011/01/30 xcolor patch
Package: atveryend 2011/06/30 v1.8 Hooks at the very end of document (HO)
Package: atbegshi 2011/10/05 v1.16 At begin shipout hook (HO)
Package: refcount 2011/10/16 v3.4 Data extraction from label references (HO)
Package: hycolor 2011/01/30 v1.7 Color options for hyperref/bookmark (HO)
)
("C:\Program Files\MiKTeX 2.9\tex\latex\oberdiek\auxhook.sty"
Package: auxhook 2011/03/04 v1.3 Hooks for auxiliary files (HO)
)
("C:\Program Files\MiKTeX 2.9\tex\latex\oberdiek\kvoptions.sty"
Package: kvoptions 2011/06/30 v3.11 Key value format for package options (HO)
)
\@linkdim=\dimen124
\Hy@linkcounter=\count107
\Hy@pagecounter=\count108

("C:\Program Files\MiKTeX 2.9\tex\latex\hyperref\pd1enc.def"
File: pd1enc.def 2012/11/06 v6.83m Hyperref: PDFDocEncoding definition (HO)
)
\Hy@SavedSpaceFactor=\count109

("C:\Program Files\MiKTeX 2.9\tex\latex\00miktex\hyperref.cfg"
File: hyperref.cfg 2002/06/06 v1.2 hyperref configuration of TeXLive
)
Package hyperref Info: Hyper figures OFF on input line 4443.
Package hyperref Info: Link nesting OFF on input line 4448.
Package hyperref Info: Hyper index ON on input line 4451.
Package hyperref Info: Plain pages OFF on input line 4458.
Package hyperref Info: Backreferencing OFF on input line 4463.
Package hyperref Info: Implicit mode ON; LaTeX internals redefined.
Package hyperref Info: Bookmarks ON on input line 4688.
\c@Hy@tempcnt=\count110

("C:\Program Files\MiKTeX 2.9\tex\latex\url\url.sty"
\Urlmuskip=\muskip10
Package: url 2013/09/16  ver 3.4  Verb mode for urls, etc.
)
LaTeX Info: Redefining \url on input line 5041.
\XeTeXLinkMargin=\dimen125
\Fld@menulength=\count111
\Field@Width=\dimen126
\Fld@charsize=\dimen127
Package hyperref Info: Hyper figures OFF on input line 6295.
Package hyperref Info: Link nesting OFF on input line 6300.
Package hyperref Info: Hyper index ON on input line 6303.
Package hyperref Info: backreferencing OFF on input line 6310.
Package hyperref Info: Link coloring OFF on input line 6315.
Package hyperref Info: Link coloring with OCG OFF on input line 6320.
Package hyperref Info: PDF/A mode OFF on input line 6325.
LaTeX Info: Redefining \ref on input line 6365.
LaTeX Info: Redefining \pageref on input line 6369.
\Hy@abspage=\count112
\c@Item=\count113
\c@Hfootnote=\count114
)

Package hyperref Message: Driver (autodetected): hpdftex.

("C:\Program Files\MiKTeX 2.9\tex\latex\hyperref\hpdftex.def"
File: hpdftex.def 2012/11/06 v6.83m Hyperref driver for pdfTeX
\Fld@listcount=\count115
\c@bookmark@seq@number=\count116

("C:\Program Files\MiKTeX 2.9\tex\latex\oberdiek\rerunfilecheck.sty"
Package: rerunfilecheck 2011/04/15 v1.7 Rerun checks for auxiliary files (HO)
Package uniquecounter Info: New unique counter `rerunfilecheck' on input line 2
82.
)
\Hy@SectionHShift=\skip48
)
("C:\Program Files\MiKTeX 2.9\tex\latex\float\float.sty"
Package: float 2001/11/08 v1.3d Float enhancements (AL)
\c@float@type=\count117
\float@exts=\toks23
\float@box=\box53
\@float@everytoks=\toks24
\@floatcapt=\box54
)
("C:\Program Files\MiKTeX 2.9\tex\latex\forest\forest.sty"
Package: forest 2015/07/15 v1.0.10 Drawing (linguistic) trees

("C:\Program Files\MiKTeX 2.9\tex\latex\pgf\frontendlayer\tikz.sty"
("C:\Program Files\MiKTeX 2.9\tex\latex\pgf\basiclayer\pgf.sty"
("C:\Program Files\MiKTeX 2.9\tex\latex\pgf\utilities\pgfrcs.sty"
("C:\Program Files\MiKTeX 2.9\tex\generic\pgf\utilities\pgfutil-common.tex"
\pgfutil@everybye=\toks25
\pgfutil@tempdima=\dimen128
\pgfutil@tempdimb=\dimen129

("C:\Program Files\MiKTeX 2.9\tex\generic\pgf\utilities\pgfutil-common-lists.te
x")) ("C:\Program Files\MiKTeX 2.9\tex\generic\pgf\utilities\pgfutil-latex.def"
\pgfutil@abb=\box55
("C:\Program Files\MiKTeX 2.9\tex\latex\ms\everyshi.sty"
Package: everyshi 2001/05/15 v3.00 EveryShipout Package (MS)
))
("C:\Program Files\MiKTeX 2.9\tex\generic\pgf\utilities\pgfrcs.code.tex"
Package: pgfrcs 2013/12/20 v3.0.0 (rcs-revision 1.28)
))
Package: pgf 2013/12/18 v3.0.0 (rcs-revision 1.14)

("C:\Program Files\MiKTeX 2.9\tex\latex\pgf\basiclayer\pgfcore.sty"
("C:\Program Files\MiKTeX 2.9\tex\latex\pgf\systemlayer\pgfsys.sty"
("C:\Program Files\MiKTeX 2.9\tex\generic\pgf\systemlayer\pgfsys.code.tex"
Package: pgfsys 2013/11/30 v3.0.0 (rcs-revision 1.47)

("C:\Program Files\MiKTeX 2.9\tex\generic\pgf\utilities\pgfkeys.code.tex"
\pgfkeys@pathtoks=\toks26
\pgfkeys@temptoks=\toks27

("C:\Program Files\MiKTeX 2.9\tex\generic\pgf\utilities\pgfkeysfiltered.code.te
x"
\pgfkeys@tmptoks=\toks28
))
\pgf@x=\dimen130
\pgf@y=\dimen131
\pgf@xa=\dimen132
\pgf@ya=\dimen133
\pgf@xb=\dimen134
\pgf@yb=\dimen135
\pgf@xc=\dimen136
\pgf@yc=\dimen137
\w@pgf@writea=\write3
\r@pgf@reada=\read1
\c@pgf@counta=\count118
\c@pgf@countb=\count119
\c@pgf@countc=\count120
\c@pgf@countd=\count121
\t@pgf@toka=\toks29
\t@pgf@tokb=\toks30
\t@pgf@tokc=\toks31
 ("C:\Program Files\MiKTeX 2.9\tex\generic\pgf\systemlayer\pgf.cfg"
File: pgf.cfg 2008/05/14  (rcs-revision 1.7)
)
Driver file for pgf: pgfsys-pdftex.def

("C:\Program Files\MiKTeX 2.9\tex\generic\pgf\systemlayer\pgfsys-pdftex.def"
File: pgfsys-pdftex.def 2013/07/18  (rcs-revision 1.33)

("C:\Program Files\MiKTeX 2.9\tex\generic\pgf\systemlayer\pgfsys-common-pdf.def
"
File: pgfsys-common-pdf.def 2013/10/10  (rcs-revision 1.13)
)))
("C:\Program Files\MiKTeX 2.9\tex\generic\pgf\systemlayer\pgfsyssoftpath.code.t
ex"
File: pgfsyssoftpath.code.tex 2013/09/09  (rcs-revision 1.9)
\pgfsyssoftpath@smallbuffer@items=\count122
\pgfsyssoftpath@bigbuffer@items=\count123
)
("C:\Program Files\MiKTeX 2.9\tex\generic\pgf\systemlayer\pgfsysprotocol.code.t
ex"
File: pgfsysprotocol.code.tex 2006/10/16  (rcs-revision 1.4)
)) ("C:\Program Files\MiKTeX 2.9\tex\latex\xcolor\xcolor.sty"
Package: xcolor 2007/01/21 v2.11 LaTeX color extensions (UK)

("C:\Program Files\MiKTeX 2.9\tex\latex\00miktex\color.cfg"
File: color.cfg 2007/01/18 v1.5 color configuration of teTeX/TeXLive
)
Package xcolor Info: Driver file: pdftex.def on input line 225.
LaTeX Info: Redefining \color on input line 702.
Package xcolor Info: Model `cmy' substituted by `cmy0' on input line 1337.
Package xcolor Info: Model `hsb' substituted by `rgb' on input line 1341.
Package xcolor Info: Model `RGB' extended on input line 1353.
Package xcolor Info: Model `HTML' substituted by `rgb' on input line 1355.
Package xcolor Info: Model `Hsb' substituted by `hsb' on input line 1356.
Package xcolor Info: Model `tHsb' substituted by `hsb' on input line 1357.
Package xcolor Info: Model `HSB' substituted by `hsb' on input line 1358.
Package xcolor Info: Model `Gray' substituted by `gray' on input line 1359.
Package xcolor Info: Model `wave' substituted by `hsb' on input line 1360.
)
("C:\Program Files\MiKTeX 2.9\tex\generic\pgf\basiclayer\pgfcore.code.tex"
Package: pgfcore 2010/04/11 v3.0.0 (rcs-revision 1.7)

("C:\Program Files\MiKTeX 2.9\tex\generic\pgf\math\pgfmath.code.tex"
("C:\Program Files\MiKTeX 2.9\tex\generic\pgf\math\pgfmathcalc.code.tex"
("C:\Program Files\MiKTeX 2.9\tex\generic\pgf\math\pgfmathutil.code.tex")
("C:\Program Files\MiKTeX 2.9\tex\generic\pgf\math\pgfmathparser.code.tex"
\pgfmath@dimen=\dimen138
\pgfmath@count=\count124
\pgfmath@box=\box56
\pgfmath@toks=\toks32
\pgfmath@stack@operand=\toks33
\pgfmath@stack@operation=\toks34
)
("C:\Program Files\MiKTeX 2.9\tex\generic\pgf\math\pgfmathfunctions.code.tex"
("C:\Program Files\MiKTeX 2.9\tex\generic\pgf\math\pgfmathfunctions.basic.code.
tex")
("C:\Program Files\MiKTeX 2.9\tex\generic\pgf\math\pgfmathfunctions.trigonometr
ic.code.tex")
("C:\Program Files\MiKTeX 2.9\tex\generic\pgf\math\pgfmathfunctions.random.code
.tex")
("C:\Program Files\MiKTeX 2.9\tex\generic\pgf\math\pgfmathfunctions.comparison.
code.tex")
("C:\Program Files\MiKTeX 2.9\tex\generic\pgf\math\pgfmathfunctions.base.code.t
ex")
("C:\Program Files\MiKTeX 2.9\tex\generic\pgf\math\pgfmathfunctions.round.code.
tex")
("C:\Program Files\MiKTeX 2.9\tex\generic\pgf\math\pgfmathfunctions.misc.code.t
ex")
("C:\Program Files\MiKTeX 2.9\tex\generic\pgf\math\pgfmathfunctions.integerarit
hmetics.code.tex")))
("C:\Program Files\MiKTeX 2.9\tex\generic\pgf\math\pgfmathfloat.code.tex"
\c@pgfmathroundto@lastzeros=\count125
))
("C:\Program Files\MiKTeX 2.9\tex\generic\pgf\basiclayer\pgfcorepoints.code.tex
"
File: pgfcorepoints.code.tex 2013/10/07  (rcs-revision 1.27)
\pgf@picminx=\dimen139
\pgf@picmaxx=\dimen140
\pgf@picminy=\dimen141
\pgf@picmaxy=\dimen142
\pgf@pathminx=\dimen143
\pgf@pathmaxx=\dimen144
\pgf@pathminy=\dimen145
\pgf@pathmaxy=\dimen146
\pgf@xx=\dimen147
\pgf@xy=\dimen148
\pgf@yx=\dimen149
\pgf@yy=\dimen150
\pgf@zx=\dimen151
\pgf@zy=\dimen152
)
("C:\Program Files\MiKTeX 2.9\tex\generic\pgf\basiclayer\pgfcorepathconstruct.c
ode.tex"
File: pgfcorepathconstruct.code.tex 2013/10/07  (rcs-revision 1.29)
\pgf@path@lastx=\dimen153
\pgf@path@lasty=\dimen154
)
("C:\Program Files\MiKTeX 2.9\tex\generic\pgf\basiclayer\pgfcorepathusage.code.
tex"
File: pgfcorepathusage.code.tex 2013/12/13  (rcs-revision 1.23)
\pgf@shorten@end@additional=\dimen155
\pgf@shorten@start@additional=\dimen156
)
("C:\Program Files\MiKTeX 2.9\tex\generic\pgf\basiclayer\pgfcorescopes.code.tex
"
File: pgfcorescopes.code.tex 2013/10/09  (rcs-revision 1.44)
\pgfpic=\box57
\pgf@hbox=\box58
\pgf@layerbox@main=\box59
\pgf@picture@serial@count=\count126
)
("C:\Program Files\MiKTeX 2.9\tex\generic\pgf\basiclayer\pgfcoregraphicstate.co
de.tex"
File: pgfcoregraphicstate.code.tex 2013/09/19  (rcs-revision 1.11)
\pgflinewidth=\dimen157
)
("C:\Program Files\MiKTeX 2.9\tex\generic\pgf\basiclayer\pgfcoretransformations
.code.tex"
File: pgfcoretransformations.code.tex 2013/10/10  (rcs-revision 1.17)
\pgf@pt@x=\dimen158
\pgf@pt@y=\dimen159
\pgf@pt@temp=\dimen160
)
("C:\Program Files\MiKTeX 2.9\tex\generic\pgf\basiclayer\pgfcorequick.code.tex"
File: pgfcorequick.code.tex 2008/10/09  (rcs-revision 1.3)
)
("C:\Program Files\MiKTeX 2.9\tex\generic\pgf\basiclayer\pgfcoreobjects.code.te
x"
File: pgfcoreobjects.code.tex 2006/10/11  (rcs-revision 1.2)
)
("C:\Program Files\MiKTeX 2.9\tex\generic\pgf\basiclayer\pgfcorepathprocessing.
code.tex"
File: pgfcorepathprocessing.code.tex 2013/09/09  (rcs-revision 1.9)
)
("C:\Program Files\MiKTeX 2.9\tex\generic\pgf\basiclayer\pgfcorearrows.code.tex
"
File: pgfcorearrows.code.tex 2013/11/07  (rcs-revision 1.40)
\pgfarrowsep=\dimen161
)
("C:\Program Files\MiKTeX 2.9\tex\generic\pgf\basiclayer\pgfcoreshade.code.tex"
File: pgfcoreshade.code.tex 2013/07/15  (rcs-revision 1.15)
\pgf@max=\dimen162
\pgf@sys@shading@range@num=\count127
) ("C:\Program Files\MiKTeX 2.9\tex\generic\pgf\basiclayer\pgfcoreimage.code.te
x"
File: pgfcoreimage.code.tex 2013/07/15  (rcs-revision 1.18)

("C:\Program Files\MiKTeX 2.9\tex\generic\pgf\basiclayer\pgfcoreexternal.code.t
ex"
File: pgfcoreexternal.code.tex 2013/07/15  (rcs-revision 1.20)
\pgfexternal@startupbox=\box60
))
("C:\Program Files\MiKTeX 2.9\tex\generic\pgf\basiclayer\pgfcorelayers.code.tex
"
File: pgfcorelayers.code.tex 2013/07/18  (rcs-revision 1.7)
)
("C:\Program Files\MiKTeX 2.9\tex\generic\pgf\basiclayer\pgfcoretransparency.co
de.tex"
File: pgfcoretransparency.code.tex 2013/09/30  (rcs-revision 1.5)
)
("C:\Program Files\MiKTeX 2.9\tex\generic\pgf\basiclayer\pgfcorepatterns.code.t
ex"
File: pgfcorepatterns.code.tex 2013/11/07  (rcs-revision 1.5)
)))
("C:\Program Files\MiKTeX 2.9\tex\generic\pgf\modules\pgfmoduleshapes.code.tex"
File: pgfmoduleshapes.code.tex 2013/10/31  (rcs-revision 1.34)
\pgfnodeparttextbox=\box61
) ("C:\Program Files\MiKTeX 2.9\tex\generic\pgf\modules\pgfmoduleplot.code.tex"
File: pgfmoduleplot.code.tex 2013/07/31  (rcs-revision 1.12)
)
("C:\Program Files\MiKTeX 2.9\tex\latex\pgf\compatibility\pgfcomp-version-0-65.
sty"
Package: pgfcomp-version-0-65 2007/07/03 v3.0.0 (rcs-revision 1.7)
\pgf@nodesepstart=\dimen163
\pgf@nodesepend=\dimen164
)
("C:\Program Files\MiKTeX 2.9\tex\latex\pgf\compatibility\pgfcomp-version-1-18.
sty"
Package: pgfcomp-version-1-18 2007/07/23 v3.0.0 (rcs-revision 1.1)
)) ("C:\Program Files\MiKTeX 2.9\tex\latex\pgf\utilities\pgffor.sty"
("C:\Program Files\MiKTeX 2.9\tex\latex\pgf\utilities\pgfkeys.sty"
("C:\Program Files\MiKTeX 2.9\tex\generic\pgf\utilities\pgfkeys.code.tex"))
("C:\Program Files\MiKTeX 2.9\tex\latex\pgf\math\pgfmath.sty"
("C:\Program Files\MiKTeX 2.9\tex\generic\pgf\math\pgfmath.code.tex"))
("C:\Program Files\MiKTeX 2.9\tex\generic\pgf\utilities\pgffor.code.tex"
Package: pgffor 2013/12/13 v3.0.0 (rcs-revision 1.25)

("C:\Program Files\MiKTeX 2.9\tex\generic\pgf\math\pgfmath.code.tex")
\pgffor@iter=\dimen165
\pgffor@skip=\dimen166
\pgffor@stack=\toks35
\pgffor@toks=\toks36
))
("C:\Program Files\MiKTeX 2.9\tex\generic\pgf\frontendlayer\tikz\tikz.code.tex"
Package: tikz 2013/12/13 v3.0.0 (rcs-revision 1.142)

("C:\Program Files\MiKTeX 2.9\tex\generic\pgf\libraries\pgflibraryplothandlers.
code.tex"
File: pgflibraryplothandlers.code.tex 2013/08/31 v3.0.0 (rcs-revision 1.20)
\pgf@plot@mark@count=\count128
\pgfplotmarksize=\dimen167
)
\tikz@lastx=\dimen168
\tikz@lasty=\dimen169
\tikz@lastxsaved=\dimen170
\tikz@lastysaved=\dimen171
\tikzleveldistance=\dimen172
\tikzsiblingdistance=\dimen173
\tikz@figbox=\box62
\tikz@figbox@bg=\box63
\tikz@tempbox=\box64
\tikz@tempbox@bg=\box65
\tikztreelevel=\count129
\tikznumberofchildren=\count130
\tikznumberofcurrentchild=\count131
\tikz@fig@count=\count132

("C:\Program Files\MiKTeX 2.9\tex\generic\pgf\modules\pgfmodulematrix.code.tex"
File: pgfmodulematrix.code.tex 2013/09/17  (rcs-revision 1.8)
\pgfmatrixcurrentrow=\count133
\pgfmatrixcurrentcolumn=\count134
\pgf@matrix@numberofcolumns=\count135
)
\tikz@expandcount=\count136

("C:\Program Files\MiKTeX 2.9\tex\generic\pgf\frontendlayer\tikz\libraries\tikz
librarytopaths.code.tex"
File: tikzlibrarytopaths.code.tex 2008/06/17 v3.0.0 (rcs-revision 1.2)
)))
("C:\Program Files\MiKTeX 2.9\tex\generic\pgf\frontendlayer\tikz\libraries\tikz
libraryshapes.code.tex"
File: tikzlibraryshapes.code.tex 2008/01/09 v3.0.0 (rcs-revision 1.1)

("C:\Program Files\MiKTeX 2.9\tex\generic\pgf\frontendlayer\tikz\libraries\tikz
libraryshapes.geometric.code.tex"
File: tikzlibraryshapes.geometric.code.tex 2008/01/09 v3.0.0 (rcs-revision 1.1)


("C:\Program Files\MiKTeX 2.9\tex\generic\pgf\libraries\shapes\pgflibraryshapes
.geometric.code.tex"
File: pgflibraryshapes.geometric.code.tex 2008/06/26 v3.0.0 (rcs-revision 1.1)
))
("C:\Program Files\MiKTeX 2.9\tex\generic\pgf\frontendlayer\tikz\libraries\tikz
libraryshapes.misc.code.tex"
File: tikzlibraryshapes.misc.code.tex 2008/01/09 v3.0.0 (rcs-revision 1.1)

("C:\Program Files\MiKTeX 2.9\tex\generic\pgf\libraries\shapes\pgflibraryshapes
.misc.code.tex"
File: pgflibraryshapes.misc.code.tex 2013/07/18 v3.0.0 (rcs-revision 1.5)
))
("C:\Program Files\MiKTeX 2.9\tex\generic\pgf\frontendlayer\tikz\libraries\tikz
libraryshapes.symbols.code.tex"
File: tikzlibraryshapes.symbols.code.tex 2008/01/09 v3.0.0 (rcs-revision 1.1)

("C:\Program Files\MiKTeX 2.9\tex\generic\pgf\libraries\shapes\pgflibraryshapes
.symbols.code.tex"
File: pgflibraryshapes.symbols.code.tex 2013/09/11 v3.0.0 (rcs-revision 1.6)
))
("C:\Program Files\MiKTeX 2.9\tex\generic\pgf\frontendlayer\tikz\libraries\tikz
libraryshapes.arrows.code.tex"
File: tikzlibraryshapes.arrows.code.tex 2008/01/09 v3.0.0 (rcs-revision 1.1)

("C:\Program Files\MiKTeX 2.9\tex\generic\pgf\libraries\shapes\pgflibraryshapes
.arrows.code.tex"
File: pgflibraryshapes.arrows.code.tex 2008/06/26 v3.0.0 (rcs-revision 1.1)
))
("C:\Program Files\MiKTeX 2.9\tex\generic\pgf\frontendlayer\tikz\libraries\tikz
libraryshapes.callouts.code.tex"
("C:\Program Files\MiKTeX 2.9\tex\generic\pgf\libraries\shapes\pgflibraryshapes
.callouts.code.tex"))
("C:\Program Files\MiKTeX 2.9\tex\generic\pgf\frontendlayer\tikz\libraries\tikz
libraryshapes.multipart.code.tex"
File: tikzlibraryshapes.multipart.code.tex 2008/01/09 v3.0.0 (rcs-revision 1.1)


("C:\Program Files\MiKTeX 2.9\tex\generic\pgf\libraries\shapes\pgflibraryshapes
.multipart.code.tex"
File: pgflibraryshapes.multipart.code.tex 2010/01/07 v3.0.0 (rcs-revision 1.2)
\pgfnodepartlowerbox=\box66
\pgfnodeparttwobox=\box67
\pgfnodepartthreebox=\box68
\pgfnodepartfourbox=\box69
\pgfnodeparttwentybox=\box70
\pgfnodepartnineteenbox=\box71
\pgfnodeparteighteenbox=\box72
\pgfnodepartseventeenbox=\box73
\pgfnodepartsixteenbox=\box74
\pgfnodepartfifteenbox=\box75
\pgfnodepartfourteenbox=\box76
\pgfnodepartthirteenbox=\box77
\pgfnodeparttwelvebox=\box78
\pgfnodepartelevenbox=\box79
\pgfnodeparttenbox=\box80
\pgfnodepartninebox=\box81
\pgfnodeparteightbox=\box82
\pgfnodepartsevenbox=\box83
\pgfnodepartsixbox=\box84
\pgfnodepartfivebox=\box85
)))
("C:\Program Files\MiKTeX 2.9\tex\generic\pgf\frontendlayer\tikz\libraries\tikz
libraryfit.code.tex"
File: tikzlibraryfit.code.tex 2013/07/12 v3.0.0 (rcs-revision 1.5)
)
("C:\Program Files\MiKTeX 2.9\tex\generic\pgf\frontendlayer\tikz\libraries\tikz
librarycalc.code.tex"
File: tikzlibrarycalc.code.tex 2013/07/15 v3.0.0 (rcs-revision 1.9)
)
("C:\Program Files\MiKTeX 2.9\tex\generic\pgf\libraries\pgflibraryintersections
.code.tex"
\pgf@intersect@solutions=\count137
) ("C:\Program Files\MiKTeX 2.9\tex\latex\pgfopts\pgfopts.sty"
Package: pgfopts 2014/07/10 v2.1a LaTeX package options with pgfkeys
\pgfopts@list@add@a@toks=\toks37
\pgfopts@list@add@b@toks=\toks38
)
(C:\Users\Cyril\AppData\Roaming\MiKTeX\2.9\tex\latex\elocalloc\elocalloc.sty
Package: elocalloc 2016/12/15 v0.03 local allocation for LaTeX 2015+ (DPC)
)
("C:\Program Files\MiKTeX 2.9\tex\latex\environ\environ.sty"
Package: environ 2014/05/04 v0.3 A new way to define environments

("C:\Program Files\MiKTeX 2.9\tex\latex\trimspaces\trimspaces.sty"
Package: trimspaces 2009/09/17 v1.1 Trim spaces around a token list
)
\@envbody=\toks39
)
\forest@temp@dimen=\dimen174
\forest@temp@count=\count138
\forest@n=\count139
\forest@temp@global@count=\count140
\forest@sort@m=\count141
\forest@sort@k=\count142
\forest@sort@p=\count143
\bracket@content=\toks40
\bracket@afterthought=\toks41
\forest@node@maxid=\count144
\forest@temp@toks=\toks42
\forest@repeat@key@depth=\count145
\forest@do@dynamics=\toks43
\forest@box=\box86
\forest@xg=\dimen175
\forest@yg=\dimen176
\forest@xs=\dimen177
\forest@ys=\dimen178
\forest@externalize@max@outer@n=\count146
\forest@externalize@inner@n=\count147
)
("C:\Program Files\MiKTeX 2.9\tex\latex\amsmath\amsmath.sty"
Package: amsmath 2013/01/14 v2.14 AMS math features
\@mathmargin=\skip49

For additional information on amsmath, use the `?' option.
("C:\Program Files\MiKTeX 2.9\tex\latex\amsmath\amstext.sty"
Package: amstext 2000/06/29 v2.01

("C:\Program Files\MiKTeX 2.9\tex\latex\amsmath\amsgen.sty"
File: amsgen.sty 1999/11/30 v2.0
\@emptytoks=\toks44
\ex@=\dimen179
))
("C:\Program Files\MiKTeX 2.9\tex\latex\amsmath\amsbsy.sty"
Package: amsbsy 1999/11/29 v1.2d
\pmbraise@=\dimen180
)
("C:\Program Files\MiKTeX 2.9\tex\latex\amsmath\amsopn.sty"
Package: amsopn 1999/12/14 v2.01 operator names
)
\inf@bad=\count148
LaTeX Info: Redefining \frac on input line 210.
\uproot@=\count149
\leftroot@=\count150
LaTeX Info: Redefining \overline on input line 306.
\classnum@=\count151
\DOTSCASE@=\count152
LaTeX Info: Redefining \ldots on input line 378.
LaTeX Info: Redefining \dots on input line 381.
LaTeX Info: Redefining \cdots on input line 466.
\Mathstrutbox@=\box87
\strutbox@=\box88
\big@size=\dimen181
LaTeX Font Info:    Redeclaring font encoding OML on input line 566.
LaTeX Font Info:    Redeclaring font encoding OMS on input line 567.
\macc@depth=\count153
\c@MaxMatrixCols=\count154
\dotsspace@=\muskip11
\c@parentequation=\count155
\dspbrk@lvl=\count156
\tag@help=\toks45
\row@=\count157
\column@=\count158
\maxfields@=\count159
\andhelp@=\toks46
\eqnshift@=\dimen182
\alignsep@=\dimen183
\tagshift@=\dimen184
\tagwidth@=\dimen185
\totwidth@=\dimen186
\lineht@=\dimen187
\@envbody=\toks47
\multlinegap=\skip50
\multlinetaggap=\skip51
\mathdisplay@stack=\toks48
LaTeX Info: Redefining \[ on input line 2665.
LaTeX Info: Redefining \] on input line 2666.
)
("C:\Program Files\MiKTeX 2.9\tex\latex\amscls\amsthm.sty"
Package: amsthm 2004/08/06 v2.20
\thm@style=\toks49
\thm@bodyfont=\toks50
\thm@headfont=\toks51
\thm@notefont=\toks52
\thm@headpunct=\toks53
\thm@preskip=\skip52
\thm@postskip=\skip53
\thm@headsep=\skip54
\dth@everypar=\toks54
)
("C:\Program Files\MiKTeX 2.9\tex\latex\setspace\setspace.sty"
Package: setspace 2011/12/19 v6.7a set line spacing
)
("C:\Program Files\MiKTeX 2.9\tex\latex\titlesec\titlesec.sty"
Package: titlesec 2011/12/15 v2.10.0 Sectioning titles
\ttl@box=\box89
\beforetitleunit=\skip55
\aftertitleunit=\skip56
\ttl@plus=\dimen188
\ttl@minus=\dimen189
\ttl@toksa=\toks55
\titlewidth=\dimen190
\titlewidthlast=\dimen191
\titlewidthfirst=\dimen192
)
("C:\Program Files\MiKTeX 2.9\tex\latex\todonotes\todonotes.sty"
Package: todonotes 2015/07/09 .dtx Todonotes source and documentation.
Package: todonotes 2012/07/25

("C:\Program Files\MiKTeX 2.9\tex\latex\xkeyval\xkeyval.sty"
Package: xkeyval 2012/10/14 v2.6b package option processing (HA)

("C:\Program Files\MiKTeX 2.9\tex\generic\xkeyval\xkeyval.tex"
\XKV@toks=\toks56
\XKV@tempa@toks=\toks57
\XKV@depth=\count160
File: xkeyval.tex 2012/10/14 v2.6b key=value parser (HA)
))
("C:\Program Files\MiKTeX 2.9\tex\generic\pgf\frontendlayer\tikz\libraries\tikz
librarypositioning.code.tex"
File: tikzlibrarypositioning.code.tex 2008/10/06 v3.0.0 (rcs-revision 1.7)
)
("C:\Program Files\MiKTeX 2.9\tex\latex\tools\calc.sty"
Package: calc 2007/08/22 v4.3 Infix arithmetic (KKT,FJ)
\calc@Acount=\count161
\calc@Bcount=\count162
\calc@Adimen=\dimen193
\calc@Bdimen=\dimen194
\calc@Askip=\skip57
\calc@Bskip=\skip58
LaTeX Info: Redefining \setlength on input line 76.
LaTeX Info: Redefining \addtolength on input line 77.
\calc@Ccount=\count163
\calc@Cskip=\skip59
)
\c@@todonotes@numberoftodonotes=\count164
)
("C:\Program Files\MiKTeX 2.9\tex\latex\algorithm2e\algorithm2e.sty"
Package: algorithm2e 2013/01/06 v5.00 algorithms environments
\c@AlgoLine=\count165
\algocf@hangindent=\skip60

("C:\Program Files\MiKTeX 2.9\tex\latex\tools\xspace.sty"
Package: xspace 2009/10/20 v1.13 Space after command names (DPC,MH)
)
("C:\Program Files\MiKTeX 2.9\tex\latex\ltxmisc\relsize.sty"
Package: relsize 2003/07/04 ver 3.1
)
********************************************************
Package `algorithm2e' Release 5.1 -- october 19 2015 --
- algorithm2e-announce@lirmm.fr mailing list for announcement about releases
- algorithm2e-discussion@lirmm.fr mailing list for discussion about package
subscribe by emailing sympa@lirmm.fr with 'subscribe <list> <firstname name>'
- Author: Christophe Fiorio (christophe.fiorio@umontpellier.fr)
********************************************************
\skiptotal=\skip61
\skiplinenumber=\skip62
\skiprule=\skip63
\skiphlne=\skip64
\skiptext=\skip65
\skiplength=\skip66
\algomargin=\skip67
\skipalgocfslide=\skip68
\algowidth=\dimen195
\inoutsize=\dimen196
\inoutindent=\dimen197
\interspacetitleruled=\dimen198
\interspacealgoruled=\dimen199
\interspacetitleboxruled=\dimen200
\algocf@ruledwidth=\skip69
\algocf@inoutbox=\box90
\algocf@inputbox=\box91
\AlCapSkip=\skip70
\AlCapHSkip=\skip71
\algoskipindent=\skip72
\algocf@nlbox=\box92
\algocf@hangingbox=\box93
\algocf@untilbox=\box94
\algocf@skipuntil=\skip73
\algocf@capbox=\box95
\algoheightruledefault=\skip74
\algoheightrule=\skip75
\algotitleheightruledefault=\skip76
\algotitleheightrule=\skip77
\c@algocfline=\count166
\c@algocfproc=\count167
\c@algocf=\count168
\algocf@algoframe=\box96
\algocf@algobox=\box97
) ("C:\Program Files\MiKTeX 2.9\tex\latex\caption\subcaption.sty"
Package: subcaption 2013/02/03 v1.1-62 Sub-captions (AR)

("C:\Program Files\MiKTeX 2.9\tex\latex\caption\caption.sty"
Package: caption 2013/05/02 v3.3-89 Customizing captions (AR)

("C:\Program Files\MiKTeX 2.9\tex\latex\caption\caption3.sty"
Package: caption3 2013/05/02 v1.6-88 caption3 kernel (AR)
Package caption3 Info: TeX engine: e-TeX on input line 57.
\captionmargin=\dimen201
\captionmargin@=\dimen202
\captionwidth=\dimen203
\caption@tempdima=\dimen204
\caption@indent=\dimen205
\caption@parindent=\dimen206
\caption@hangindent=\dimen207
)
\c@ContinuedFloat=\count169
Package caption Info: float package is loaded.
Package caption Info: hyperref package is loaded.
Package caption Info: rotating package is loaded.
)
\c@subfigure=\count170
\c@subtable=\count171
)
(C:\Users\Cyril\AppData\Roaming\MiKTeX\2.9\tex\latex\glossaries\base\glossaries
.sty
Package: glossaries 2017/01/19 v4.29 (NLCT)
 (C:\Users\Cyril\AppData\Roaming\MiKTeX\2.9\tex\latex\mfirstuc\mfirstuc.sty
Package: mfirstuc 2016/07/31 v2.04 (NLCT)
\@glsmfirst=\toks58
\@glsmrest=\toks59
) ("C:\Program Files\MiKTeX 2.9\tex\latex\textcase\textcase.sty"
Package: textcase 2004/10/07 v0.07 Text only upper/lower case changing (DPC)
)
("C:\Program Files\MiKTeX 2.9\tex\latex\xfor\xfor.sty"
Package: xfor 2009/02/05 v1.05 (NLCT)
)
("C:\Program Files\MiKTeX 2.9\tex\latex\datatool\datatool-base.sty"
Package: datatool-base 2016/07/28 v2.27 (NLCT)

("C:\Program Files\MiKTeX 2.9\tex\latex\substr\substr.sty"
Package: substr 2009/10/20 v1.2 Handle substrings
\c@su@anzahl=\count172
)
("C:\Program Files\MiKTeX 2.9\tex\latex\datatool\datatool-fp.sty"
Package: datatool-fp 2016/07/28 v2.27 (NLCT)

("C:\Program Files\MiKTeX 2.9\tex\latex\fp\fp.sty"
Package: fp 1995/04/02

`Fixed Point Package', Version 0.8, April 2, 1995 (C) Michael Mehlich
("C:\Program Files\MiKTeX 2.9\tex\latex\fp\defpattern.sty"
Package: defpattern 1994/10/12
\actioncount=\count173
)
("C:\Program Files\MiKTeX 2.9\tex\latex\fp\fp-basic.sty"
Package: fp-basic 1996/05/13
\FP@xs=\count174
\FP@xia=\count175
\FP@xib=\count176
\FP@xfa=\count177
\FP@xfb=\count178
\FP@rega=\count179
\FP@regb=\count180
\FP@regs=\count181
\FP@times=\count182
)
("C:\Program Files\MiKTeX 2.9\tex\latex\fp\fp-addons.sty"
Package: fp-addons 1995/03/15
)
("C:\Program Files\MiKTeX 2.9\tex\latex\fp\fp-snap.sty"
Package: fp-snap 1995/04/05
)
("C:\Program Files\MiKTeX 2.9\tex\latex\fp\fp-exp.sty"
Package: fp-exp 1995/04/03
)
("C:\Program Files\MiKTeX 2.9\tex\latex\fp\fp-trigo.sty"
Package: fp-trigo 1995/04/14
)
("C:\Program Files\MiKTeX 2.9\tex\latex\fp\fp-pas.sty"
Package: fp-pas 1994/08/29
)
("C:\Program Files\MiKTeX 2.9\tex\latex\fp\fp-random.sty"
Package: fp-random 1995/02/23
\FPseed=\count183
)
("C:\Program Files\MiKTeX 2.9\tex\latex\fp\fp-eqn.sty"
Package: fp-eqn 1995/04/03
)
("C:\Program Files\MiKTeX 2.9\tex\latex\fp\fp-upn.sty"
Package: fp-upn 1996/10/21
)
("C:\Program Files\MiKTeX 2.9\tex\latex\fp\fp-eval.sty"
Package: fp-eval 1995/04/03
)))
\@dtl@toks=\toks60
\@dtl@tmpcount=\count184
\dtl@tmplength=\skip78
\dtl@sortresult=\count185
\@dtl@numgrpsepcount=\count186
\@dtl@datatype=\count187
\dtl@codeA=\count188
\dtl@codeB=\count189
\@dtl@foreach@level=\count190
)
(C:\Users\Cyril\AppData\Roaming\MiKTeX\2.9\tex\latex\glossaries\base\glossaries
-compatible-307.sty
Package: glossaries-compatible-307 2017/01/19 v4.29 (NLCT)
)
(C:\Users\Cyril\AppData\Roaming\MiKTeX\2.9\tex\latex\tracklang\tracklang.sty
Package: tracklang 2017/03/25 v1.3.4 (NLCT) Track Languages

(C:\Users\Cyril\AppData\Roaming\MiKTeX\2.9\tex\generic\tracklang\tracklang.tex)
Package tracklang Info: babel loaded but \bbl@loaded not defined. Will attempt 
to track known languages. on input line 178.
) ("C:\Program Files\MiKTeX 2.9\tex\latex\beamer\base\translator\translator.sty
"
Package: translator 2010/06/12 ver 1.10

("C:\Program Files\MiKTeX 2.9\tex\latex\beamer\base\translator\translator-langu
age-mappings.tex"))
(C:\Users\Cyril\AppData\Roaming\MiKTeX\2.9\tex\latex\glossaries-english\glossar
ies-english.ldf
File: glossaries-english.ldf 2014/11/23 v1.0
)
\gls@level=\count191
\@gls@tmpb=\toks61
\gls@tmplen=\skip79
\glskeylisttok=\toks62
\glslabeltok=\toks63
\glsshorttok=\toks64
\glslongtok=\toks65

(C:\Users\Cyril\AppData\Roaming\MiKTeX\2.9\tex\latex\glossaries\styles\glossary
-hypernav.sty
Package: glossary-hypernav 2017/01/19 v4.29 (NLCT)
)
(C:\Users\Cyril\AppData\Roaming\MiKTeX\2.9\tex\latex\glossaries\styles\glossary
-list.sty
Package: glossary-list 2017/01/19 v4.29 (NLCT)
\glslistdottedwidth=\skip80
)
(C:\Users\Cyril\AppData\Roaming\MiKTeX\2.9\tex\latex\glossaries\styles\glossary
-long.sty
Package: glossary-long 2017/01/19 v4.29 (NLCT)
 ("C:\Program Files\MiKTeX 2.9\tex\latex\tools\longtable.sty"
Package: longtable 2004/02/01 v4.11 Multi-page Table package (DPC)
\LTleft=\skip81
\LTright=\skip82
\LTpre=\skip83
\LTpost=\skip84
\LTchunksize=\count192
\LTcapwidth=\dimen208
\LT@head=\box98
\LT@firsthead=\box99
\LT@foot=\box100
\LT@lastfoot=\box101
\LT@cols=\count193
\LT@rows=\count194
\c@LT@tables=\count195
\c@LT@chunks=\count196
\LT@p@ftn=\toks66
)
\glsdescwidth=\skip85
\glspagelistwidth=\skip86
)
(C:\Users\Cyril\AppData\Roaming\MiKTeX\2.9\tex\latex\glossaries\styles\glossary
-super.sty
Package: glossary-super 2017/01/19 v4.29 (NLCT)
 ("C:\Program Files\MiKTeX 2.9\tex\latex\supertabular\supertabular.sty"
Package: supertabular 2004/02/20 v4.1e the supertabular environment
\c@tracingst=\count197
\ST@wd=\dimen209
\ST@rightskip=\skip87
\ST@leftskip=\skip88
\ST@parfillskip=\skip89
\ST@pageleft=\dimen210
\ST@headht=\dimen211
\ST@tailht=\dimen212
\ST@pagesofar=\dimen213
\ST@pboxht=\dimen214
\ST@lineht=\dimen215
\ST@stretchht=\dimen216
\ST@prevht=\dimen217
\ST@toadd=\dimen218
\ST@dimen=\dimen219
\ST@pbox=\box102
))
(C:\Users\Cyril\AppData\Roaming\MiKTeX\2.9\tex\latex\glossaries\styles\glossary
-tree.sty
Package: glossary-tree 2017/01/19 v4.29 (NLCT)
\glstreeindent=\skip90
))
\myindent=\skip91
\glswrite=\write4
\glo@main@file=\write5
Package glossaries Info: Writing glossary file EPL-TFE_CoverPageTemplate.glo on
 input line 70.
\glo@acronym@file=\write6
Package glossaries Info: Writing glossary file EPL-TFE_CoverPageTemplate.acn on
 input line 70.


LaTeX Warning: Unused global option(s):
    [openright].


(F:\Memoire\CodeSavedOnline\New\MasterThesis\paper\SecondVersion\EPL-TFE_CoverP
ageTemplate.aux)
LaTeX Font Info:    Checking defaults for OML/cmm/m/it on input line 84.
LaTeX Font Info:    ... okay on input line 84.
LaTeX Font Info:    Checking defaults for T1/cmr/m/n on input line 84.
LaTeX Font Info:    ... okay on input line 84.
LaTeX Font Info:    Checking defaults for OT1/cmr/m/n on input line 84.
LaTeX Font Info:    ... okay on input line 84.
LaTeX Font Info:    Checking defaults for OMS/cmsy/m/n on input line 84.
LaTeX Font Info:    ... okay on input line 84.
LaTeX Font Info:    Checking defaults for OMX/cmex/m/n on input line 84.
LaTeX Font Info:    ... okay on input line 84.
LaTeX Font Info:    Checking defaults for U/cmr/m/n on input line 84.
LaTeX Font Info:    ... okay on input line 84.
LaTeX Font Info:    Checking defaults for PD1/pdf/m/n on input line 84.
LaTeX Font Info:    ... okay on input line 84.
LaTeX Font Info:    Try loading font information for T1+lmr on input line 84.
 ("C:\Program Files\MiKTeX 2.9\tex\latex\lm\t1lmr.fd"
File: t1lmr.fd 2009/10/30 v1.6 Font defs for Latin Modern
)
("C:\Program Files\MiKTeX 2.9\tex\latex\ucs\ucsencs.def"
File: ucsencs.def 2011/01/21 Fixes to fontencodings LGR, T3
)
LaTeX Info: Redefining \microtypecontext on input line 84.
Package microtype Info: Generating PDF output.
Package microtype Info: Character protrusion enabled (level 2).
Package microtype Info: Using default protrusion set `alltext'.
Package microtype Info: Automatic font expansion enabled (level 2),
(microtype)             stretch: 20, shrink: 20, step: 1, non-selected.
Package microtype Info: Using default expansion set `basictext'.
Package microtype Info: No adjustment of tracking.
Package microtype Info: No adjustment of interword spacing.
Package microtype Info: No adjustment of character kerning.

("C:\Program Files\MiKTeX 2.9\tex\latex\microtype\mt-cmr.cfg"
File: mt-cmr.cfg 2013/05/19 v2.2 microtype config. file: Computer Modern Roman 
(RS)
)
("C:\Program Files\MiKTeX 2.9\tex\context\base\supp-pdf.mkii"
[Loading MPS to PDF converter (version 2006.09.02).]
\scratchcounter=\count198
\scratchdimen=\dimen220
\scratchbox=\box103
\nofMPsegments=\count199
\nofMParguments=\count200
\everyMPshowfont=\toks67
\MPscratchCnt=\count201
\MPscratchDim=\dimen221
\MPnumerator=\count202
\makeMPintoPDFobject=\count203
\everyMPtoPDFconversion=\toks68
)
*geometry* driver: auto-detecting
*geometry* detected driver: pdftex
*geometry* verbose mode - [ preamble ] result:
* driver: pdftex
* paper: <default>
* layout: <same size as paper>
* layoutoffset:(h,v)=(0.0pt,0.0pt)
* modes: 
* h-part:(L,W,R)=(71.13188pt, 455.24411pt, 71.13188pt)
* v-part:(T,H,B)=(71.13188pt, 702.78308pt, 71.13188pt)
* \paperwidth=597.50787pt
* \paperheight=845.04684pt
* \textwidth=455.24411pt
* \textheight=702.78308pt
* \oddsidemargin=-1.1381pt
* \evensidemargin=-1.1381pt
* \topmargin=-38.1381pt
* \headheight=12.0pt
* \headsep=25.0pt
* \topskip=11.0pt
* \footskip=30.0pt
* \marginparwidth=50.0pt
* \marginparsep=10.0pt
* \columnsep=10.0pt
* \skip\footins=10.0pt plus 4.0pt minus 2.0pt
* \hoffset=0.0pt
* \voffset=0.0pt
* \mag=1000
* \@twocolumnfalse
* \@twosidefalse
* \@mparswitchfalse
* \@reversemarginfalse
* (1in=72.27pt=25.4mm, 1cm=28.453pt)

\AtBeginShipoutBox=\box104
Package hyperref Info: Link coloring OFF on input line 84.
("C:\Program Files\MiKTeX 2.9\tex\latex\hyperref\nameref.sty"
Package: nameref 2012/10/27 v2.43 Cross-referencing by name of section

("C:\Program Files\MiKTeX 2.9\tex\generic\oberdiek\gettitlestring.sty"
Package: gettitlestring 2010/12/03 v1.4 Cleanup title references (HO)
)
\c@section@level=\count204
)
LaTeX Info: Redefining \ref on input line 84.
LaTeX Info: Redefining \pageref on input line 84.
LaTeX Info: Redefining \nameref on input line 84.

(F:\Memoire\CodeSavedOnline\New\MasterThesis\paper\SecondVersion\EPL-TFE_CoverP
ageTemplate.out)
(F:\Memoire\CodeSavedOnline\New\MasterThesis\paper\SecondVersion\EPL-TFE_CoverP
ageTemplate.out)
\@outlinefile=\write7
 ABD: EveryShipout initializing macros
Package caption Info: Begin \AtBeginDocument code.
Package caption Info: longtable package is loaded.

("C:\Program Files\MiKTeX 2.9\tex\latex\caption\ltcaption.sty"
Package: ltcaption 2013/02/03 v1.3-62 longtable captions (AR)
)
Package caption Info: supertabular package is loaded.
Package caption Info: End \AtBeginDocument code.
*geometry* verbose mode - [ newgeometry ] result:
* driver: pdftex
* paper: <default>
* layout: <same size as paper>
* layoutoffset:(h,v)=(0.0pt,0.0pt)
* modes: 
* h-part:(L,W,R)=(35.56593pt, 526.376pt, 35.56593pt)
* v-part:(T,H,B)=(35.56593pt, 773.91498pt, 35.56593pt)
* \paperwidth=597.50787pt
* \paperheight=845.04684pt
* \textwidth=526.376pt
* \textheight=773.91498pt
* \oddsidemargin=-36.70406pt
* \evensidemargin=-36.70406pt
* \topmargin=-73.70406pt
* \headheight=12.0pt
* \headsep=25.0pt
* \topskip=11.0pt
* \footskip=30.0pt
* \marginparwidth=50.0pt
* \marginparsep=10.0pt
* \columnsep=10.0pt
* \skip\footins=10.0pt plus 4.0pt minus 2.0pt
* \hoffset=0.0pt
* \voffset=0.0pt
* \mag=1000
* \@twocolumnfalse
* \@twosidefalse
* \@mparswitchfalse
* \@reversemarginfalse
* (1in=72.27pt=25.4mm, 1cm=28.453pt)


<EPL_TFEbanner.jpg, id=277, 526.3665pt x 256.0767pt>
File: EPL_TFEbanner.jpg Graphic file (type jpg)
 <use EPL_TFEbanner.jpg>
Package pdftex.def Info: EPL_TFEbanner.jpg used on input line 89.
(pdftex.def)             Requested size: 526.36522pt x 256.07608pt.


Package xcolor Warning: Incompatible color definition on input line 89.

LaTeX Font Info:    Try loading font information for T1+phv on input line 89.
("C:\Program Files\MiKTeX 2.9\tex\latex\psnfss\t1phv.fd"
File: t1phv.fd 2001/06/04 scalable font definitions for T1/phv.
)
Package microtype Info: Loading generic settings for font family
(microtype)             `phv' (encoding: T1).
(microtype)             For optimal results, create family-specific settings.
(microtype)             See the microtype manual for details.
LaTeX Font Info:    Try loading font information for OT1+lmr on input line 89.

("C:\Program Files\MiKTeX 2.9\tex\latex\lm\ot1lmr.fd"
File: ot1lmr.fd 2009/10/30 v1.6 Font defs for Latin Modern
)
LaTeX Font Info:    Try loading font information for OML+lmm on input line 89.

("C:\Program Files\MiKTeX 2.9\tex\latex\lm\omllmm.fd"
File: omllmm.fd 2009/10/30 v1.6 Font defs for Latin Modern
)
LaTeX Font Info:    Try loading font information for OMS+lmsy on input line 89.


("C:\Program Files\MiKTeX 2.9\tex\latex\lm\omslmsy.fd"
File: omslmsy.fd 2009/10/30 v1.6 Font defs for Latin Modern
)
LaTeX Font Info:    Try loading font information for OMX+lmex on input line 89.


("C:\Program Files\MiKTeX 2.9\tex\latex\lm\omxlmex.fd"
File: omxlmex.fd 2009/10/30 v1.6 Font defs for Latin Modern
)
LaTeX Font Info:    External font `lmex10' loaded for size
(Font)              <10.95> on input line 89.
LaTeX Font Info:    External font `lmex10' loaded for size
(Font)              <8> on input line 89.
LaTeX Font Info:    External font `lmex10' loaded for size
(Font)              <6> on input line 89.
LaTeX Font Info:    Font shape `T1/phv/bx/n' in size <12> not available
(Font)              Font shape `T1/phv/b/n' tried instead on input line 89.
LaTeX Font Info:    Font shape `T1/phv/bx/sc' in size <12> not available
(Font)              Font shape `T1/phv/b/sc' tried instead on input line 89.
LaTeX Font Info:    External font `lmex10' loaded for size
(Font)              <12> on input line 89.


Package xcolor Warning: Incompatible color definition on input line 89.

[1


{C:/Users/Cyril/AppData/Local/MiKTeX/2.9/pdftex/config/pdftex.map} <F:/Memoire/
CodeSavedOnline/New/MasterThesis/paper/SecondVersion/EPL_TFEbanner.jpg>]
*geometry* verbose mode - [ newgeometry ] result:
* driver: pdftex
* paper: <default>
* layout: <same size as paper>
* layoutoffset:(h,v)=(0.0pt,0.0pt)
* modes: 
* h-part:(L,W,R)=(71.13188pt, 455.24411pt, 71.13188pt)
* v-part:(T,H,B)=(71.13188pt, 702.78308pt, 71.13188pt)
* \paperwidth=597.50787pt
* \paperheight=845.04684pt
* \textwidth=455.24411pt
* \textheight=702.78308pt
* \oddsidemargin=-1.1381pt
* \evensidemargin=-1.1381pt
* \topmargin=-38.1381pt
* \headheight=12.0pt
* \headsep=25.0pt
* \topskip=11.0pt
* \footskip=30.0pt
* \marginparwidth=50.0pt
* \marginparsep=10.0pt
* \columnsep=10.0pt
* \skip\footins=10.0pt plus 4.0pt minus 2.0pt
* \hoffset=0.0pt
* \voffset=0.0pt
* \mag=1000
* \@twocolumnfalse
* \@twosidefalse
* \@mparswitchfalse
* \@reversemarginfalse
* (1in=72.27pt=25.4mm, 1cm=28.453pt)


(F:\Memoire\CodeSavedOnline\New\MasterThesis\paper\SecondVersion\EPL-TFE_CoverP
ageTemplate.tocpdfTeX warning (ext4): destination with the same identifier (nam
e{page.1}) has been already used, duplicate ignored
<to be read again> 
                   \relax 
l.45 \newpage
              [1

])
\tf@toc=\write8
 [2]
(F:\Memoire\CodeSavedOnline\New\MasterThesis\paper\SecondVersion\EPL-TFE_CoverP
ageTemplate.lof)
\tf@lof=\write9

(F:\Memoire\CodeSavedOnline\New\MasterThesis\paper\SecondVersion\EPL-TFE_CoverP
ageTemplate.lot)
\tf@lot=\write10
 [3]
(F:\Memoire\CodeSavedOnline\New\MasterThesis\paper\SecondVersion\EPL-TFE_CoverP
ageTemplate.loa)
\tf@loa=\write11
 [4]
Underfull \hbox (badness 10000) in paragraph at lines 107--108

 []


Underfull \hbox (badness 10000) in paragraph at lines 109--110

 []


Underfull \hbox (badness 10000) in paragraph at lines 111--112

 []


LaTeX Warning: Citation `Kemmar_global' on page 5 undefined on input line 114.


LaTeX Warning: Citation `Kemmar_gap' on page 5 undefined on input line 114.


Underfull \hbox (badness 10000) in paragraph at lines 113--115

 []


Underfull \hbox (badness 10000) in paragraph at lines 116--118

 []


Underfull \hbox (badness 10000) in paragraph at lines 119--120

 []

[5]
Underfull \hbox (badness 10000) in paragraph at lines 121--122

 []


Underfull \hbox (badness 10000) in paragraph at lines 123--124

 []

\c@definition=\count205

Package amsthm Warning: Unknown theoremstyle `example' on input line 138.

\c@example=\count206
LaTeX Font Info:    Try loading font information for OMS+lmr on input line 153.

("C:\Program Files\MiKTeX 2.9\tex\latex\lm\omslmr.fd"
File: omslmr.fd 2009/10/30 v1.6 Font defs for Latin Modern
)
LaTeX Font Info:    Font shape `OMS/lmr/m/it' in size <10.95> not available
(Font)              Font shape `OMS/lmsy/m/n' tried instead on input line 153.
 [6]
Underfull \hbox (badness 10000) in paragraph at lines 200--201

 []


Underfull \hbox (badness 10000) in paragraph at lines 202--203

 []


Underfull \hbox (badness 10000) in paragraph at lines 204--205

 []


Underfull \hbox (badness 10000) in paragraph at lines 206--207

 []

[7]
Underfull \hbox (badness 10000) in paragraph at lines 212--213

 []


Underfull \hbox (badness 10000) in paragraph at lines 214--215

 []


Underfull \hbox (badness 10000) in paragraph at lines 216--217

 []


Underfull \hbox (badness 10000) in paragraph at lines 218--219

 []


Underfull \hbox (badness 10000) in paragraph at lines 220--221

 []


Underfull \hbox (badness 10000) in paragraph at lines 222--225

 []


Underfull \hbox (badness 10000) in paragraph at lines 226--227

 []

[8]
Underfull \hbox (badness 10000) in paragraph at lines 228--229

 []


Underfull \hbox (badness 10000) in paragraph at lines 234--235

 []


<F:/Memoire/CodeSavedOnline/New/MasterThesis/paper/SecondVersion/Graphs/PrefixS
panOrigDB.png, id=543, 501.875pt x 293.095pt>
File: F:/Memoire/CodeSavedOnline/New/MasterThesis/paper/SecondVersion/Graphs/Pr
efixSpanOrigDB.png Graphic file (type png)

<use F:/Memoire/CodeSavedOnline/New/MasterThesis/paper/SecondVersion/Graphs/Pre
fixSpanOrigDB.png>
Package pdftex.def Info: F:/Memoire/CodeSavedOnline/New/MasterThesis/paper/Seco
ndVersion/Graphs/PrefixSpanOrigDB.png used on input line 240.
(pdftex.def)             Requested size: 159.33821pt x 93.05438pt.

<F:/Memoire/CodeSavedOnline/New/MasterThesis/paper/SecondVersion/Graphs/PrefixS
panProjDB.png, id=544, 1405.25pt x 726.715pt>
File: F:/Memoire/CodeSavedOnline/New/MasterThesis/paper/SecondVersion/Graphs/Pr
efixSpanProjDB.png Graphic file (type png)

<use F:/Memoire/CodeSavedOnline/New/MasterThesis/paper/SecondVersion/Graphs/Pre
fixSpanProjDB.png>
Package pdftex.def Info: F:/Memoire/CodeSavedOnline/New/MasterThesis/paper/Seco
ndVersion/Graphs/PrefixSpanProjDB.png used on input line 245.
(pdftex.def)             Requested size: 409.71692pt x 211.8841pt.
LaTeX Font Info:    External font `lmex10' loaded for size
(Font)              <10> on input line 251.
LaTeX Font Info:    External font `lmex10' loaded for size
(Font)              <7> on input line 251.
LaTeX Font Info:    External font `lmex10' loaded for size
(Font)              <5> on input line 251.

Underfull \hbox (badness 10000) in paragraph at lines 257--258

 []

[9 <F:/Memoire/CodeSavedOnline/New/MasterThesis/paper/SecondVersion/Graphs/Pref
ixSpanOrigDB.png (PNG copy)> <F:/Memoire/CodeSavedOnline/New/MasterThesis/paper
/SecondVersion/Graphs/PrefixSpanProjDB.png (PNG copy)>]
Underfull \hbox (badness 10000) in paragraph at lines 259--260

 []


Underfull \hbox (badness 10000) in paragraph at lines 261--262

 []


Underfull \hbox (badness 10000) in paragraph at lines 267--268

 []


<F:/Memoire/CodeSavedOnline/New/MasterThesis/paper/SecondVersion/Graphs/cspadeV
erticalRepr.png, id=553, 351.3125pt x 348.30125pt>
File: F:/Memoire/CodeSavedOnline/New/MasterThesis/paper/SecondVersion/Graphs/cs
padeVerticalRepr.png Graphic file (type png)

<use F:/Memoire/CodeSavedOnline/New/MasterThesis/paper/SecondVersion/Graphs/csp
adeVerticalRepr.png>
Package pdftex.def Info: F:/Memoire/CodeSavedOnline/New/MasterThesis/paper/Seco
ndVersion/Graphs/cspadeVerticalRepr.png used on input line 275.
(pdftex.def)             Requested size: 172.98956pt x 171.50882pt.

<F:/Memoire/CodeSavedOnline/New/MasterThesis/paper/SecondVersion/Graphs/cspadeH
orizontalRepr.png, id=554, 522.95375pt x 208.78pt>
File: F:/Memoire/CodeSavedOnline/New/MasterThesis/paper/SecondVersion/Graphs/cs
padeHorizontalRepr.png Graphic file (type png)

<use F:/Memoire/CodeSavedOnline/New/MasterThesis/paper/SecondVersion/Graphs/csp
adeHorizontalRepr.png>
Package pdftex.def Info: F:/Memoire/CodeSavedOnline/New/MasterThesis/paper/Seco
ndVersion/Graphs/cspadeHorizontalRepr.png used on input line 280.
(pdftex.def)             Requested size: 255.1619pt x 101.86981pt.

Underfull \hbox (badness 10000) in paragraph at lines 287--288

 []

[10 <F:/Memoire/CodeSavedOnline/New/MasterThesis/paper/SecondVersion/Graphs/csp
adeVerticalRepr.png (PNG copy)> <F:/Memoire/CodeSavedOnline/New/MasterThesis/pa
per/SecondVersion/Graphs/cspadeHorizontalRepr.png (PNG copy)>]
Underfull \hbox (badness 10000) in paragraph at lines 289--290

 []


<F:/Memoire/CodeSavedOnline/New/MasterThesis/paper/SecondVersion/Graphs/cspadeV
erticalIDList1.png, id=560, 518.93875pt x 211.79124pt>
File: F:/Memoire/CodeSavedOnline/New/MasterThesis/paper/SecondVersion/Graphs/cs
padeVerticalIDList1.png Graphic file (type png)

<use F:/Memoire/CodeSavedOnline/New/MasterThesis/paper/SecondVersion/Graphs/csp
adeVerticalIDList1.png>
Package pdftex.def Info: F:/Memoire/CodeSavedOnline/New/MasterThesis/paper/Seco
ndVersion/Graphs/cspadeVerticalIDList1.png used on input line 297.
(pdftex.def)             Requested size: 245.82875pt x 100.33041pt.

<F:/Memoire/CodeSavedOnline/New/MasterThesis/paper/SecondVersion/Graphs/cspadeV
erticalIDList2.png, id=561, 390.45876pt x 159.59625pt>
File: F:/Memoire/CodeSavedOnline/New/MasterThesis/paper/SecondVersion/Graphs/cs
padeVerticalIDList2.png Graphic file (type png)

<use F:/Memoire/CodeSavedOnline/New/MasterThesis/paper/SecondVersion/Graphs/csp
adeVerticalIDList2.png>
Package pdftex.def Info: F:/Memoire/CodeSavedOnline/New/MasterThesis/paper/Seco
ndVersion/Graphs/cspadeVerticalIDList2.png used on input line 302.
(pdftex.def)             Requested size: 204.85846pt x 83.73326pt.

Underfull \hbox (badness 10000) in paragraph at lines 312--313

 []


Underfull \hbox (badness 10000) in paragraph at lines 314--315

 []


Underfull \hbox (badness 10000) in paragraph at lines 316--317

 []


Underfull \hbox (badness 10000) in paragraph at lines 318--319

 []


Underfull \hbox (badness 10000) in paragraph at lines 320--321

 []

[11 <F:/Memoire/CodeSavedOnline/New/MasterThesis/paper/SecondVersion/Graphs/csp
adeVerticalIDList1.png (PNG copy)> <F:/Memoire/CodeSavedOnline/New/MasterThesis
/paper/SecondVersion/Graphs/cspadeVerticalIDList2.png (PNG copy)>]
Underfull \hbox (badness 10000) in paragraph at lines 326--327

 []


Underfull \hbox (badness 10000) in paragraph at lines 328--329

 []


Underfull \hbox (badness 10000) in paragraph at lines 330--331

 []


Underfull \hbox (badness 10000) in paragraph at lines 332--333

 []


Underfull \hbox (badness 10000) in paragraph at lines 338--339

 []


Underfull \hbox (badness 10000) in paragraph at lines 340--341

 []


Underfull \hbox (badness 10000) in paragraph at lines 342--343

 []


Underfull \hbox (badness 10000) in paragraph at lines 348--349

 []

[12]
Underfull \hbox (badness 10000) in paragraph at lines 364--365

 []


Underfull \hbox (badness 10000) in paragraph at lines 368--369

 []


Underfull \hbox (badness 10000) in paragraph at lines 370--371

 []

[13]
Underfull \hbox (badness 10000) in paragraph at lines 375--376

 []

\forest@temp@box=\box32767 (local)
\forest@temp@box=\box32766 (local)
\forest@temp@box=\box32765 (local)
\forest@temp@box=\box32764 (local)
\forest@temp@box=\box32763 (local)
\forest@temp@box=\box32762 (local)
\forest@temp@box=\box32761 (local)
\forest@temp@box=\box32760 (local)
\forest@temp@box=\box32759 (local)
\forest@temp@box=\box32758 (local)
\forest@temp@box=\box32757 (local)
\forest@temp@box=\box32756 (local)
\forest@temp@box=\box32755 (local)
\forest@temp@box=\box32754 (local)
\forest@temp@box=\box32753 (local)
\forest@temp@box=\box32752 (local)
\forest@temp@box=\box32751 (local)
\forest@temp@box=\box32750 (local)
\forest@temp@box=\box32749 (local)
Missing character: There is no ] in font nullfont!
Missing character: There is no ] in font nullfont!

Overfull \hbox (25.81564pt too wide) in paragraph at lines 428--434
 [][] 
 []


Underfull \hbox (badness 10000) in paragraph at lines 444--445

 []

[14]
Underfull \hbox (badness 10000) in paragraph at lines 446--447

 []


Underfull \hbox (badness 10000) in paragraph at lines 461--462

 []


Underfull \hbox (badness 10000) in paragraph at lines 463--464

 []


Underfull \hbox (badness 10000) in paragraph at lines 469--470

 []


Underfull \hbox (badness 10000) in paragraph at lines 471--472

 []


Underfull \hbox (badness 10000) in paragraph at lines 473--474

 []

[15]
Underfull \hbox (badness 10000) in paragraph at lines 479--480

 []


<F:/Memoire/CodeSavedOnline/New/MasterThesis/paper/SecondVersion/Graphs/hadoopV
Sspark.png, id=602, 414.54875pt x 356.33125pt>
File: F:/Memoire/CodeSavedOnline/New/MasterThesis/paper/SecondVersion/Graphs/ha
doopVSspark.png Graphic file (type png)

<use F:/Memoire/CodeSavedOnline/New/MasterThesis/paper/SecondVersion/Graphs/had
oopVSspark.png>
Package pdftex.def Info: F:/Memoire/CodeSavedOnline/New/MasterThesis/paper/Seco
ndVersion/Graphs/hadoopVSspark.png used on input line 485.
(pdftex.def)             Requested size: 273.14923pt x 234.7933pt.

Underfull \hbox (badness 10000) in paragraph at lines 490--491

 []


Underfull \hbox (badness 10000) in paragraph at lines 492--493

 []

[16 <F:/Memoire/CodeSavedOnline/New/MasterThesis/paper/SecondVersion/Graphs/had
oopVSspark.png (PNG copy)>]
Underfull \hbox (badness 10000) in paragraph at lines 516--519

 []


Underfull \hbox (badness 10000) in paragraph at lines 520--521

 []

[17]
Underfull \hbox (badness 10000) in paragraph at lines 522--523

 []


Underfull \hbox (badness 10000) in paragraph at lines 524--525

 []

\forest@temp@box=\box32767 (local)
\forest@temp@box=\box32766 (local)
\forest@temp@box=\box32765 (local)
\forest@temp@box=\box32764 (local)
\forest@temp@box=\box32763 (local)
\forest@temp@box=\box32762 (local)
\forest@temp@box=\box32761 (local)
\forest@temp@box=\box32760 (local)
\forest@temp@box=\box32759 (local)
\forest@temp@box=\box32758 (local)
\forest@temp@box=\box32757 (local)
\forest@temp@box=\box32756 (local)
\forest@temp@box=\box32755 (local)
\forest@temp@box=\box32754 (local)
\forest@temp@box=\box32753 (local)
\forest@temp@box=\box32752 (local)
\forest@temp@box=\box32751 (local)
\forest@temp@box=\box32750 (local)
[18]
Underfull \hbox (badness 10000) in paragraph at lines 586--587

 []


Underfull \hbox (badness 10000) in paragraph at lines 588--589

 []


Underfull \hbox (badness 10000) in paragraph at lines 590--591

 []

[19]
Underfull \hbox (badness 10000) in paragraph at lines 615--617

 []


Underfull \hbox (badness 10000) in paragraph at lines 622--623

 []


Underfull \hbox (badness 10000) in paragraph at lines 624--625

 []

[20]
Underfull \hbox (badness 10000) in paragraph at lines 630--631

 []


Underfull \hbox (badness 10000) in paragraph at lines 632--633

 []


Underfull \hbox (badness 10000) in paragraph at lines 638--640

 []


Underfull \hbox (badness 10000) in paragraph at lines 641--642

 []


Underfull \hbox (badness 10000) in paragraph at lines 643--644

 []


Underfull \hbox (badness 10000) in paragraph at lines 645--646

 []


Underfull \hbox (badness 10000) in paragraph at lines 655--656

 []


Underfull \hbox (badness 10000) in paragraph at lines 657--658

 []

[21]
Underfull \hbox (badness 10000) in paragraph at lines 659--660

 []


Underfull \hbox (badness 10000) in paragraph at lines 661--662

 []


Underfull \hbox (badness 10000) in paragraph at lines 663--664

 []


Underfull \hbox (badness 10000) in paragraph at lines 665--666

 []


Underfull \hbox (badness 10000) in paragraph at lines 671--672

 []


Underfull \hbox (badness 10000) in paragraph at lines 673--674

 []


Underfull \hbox (badness 10000) in paragraph at lines 675--676

 []


Underfull \hbox (badness 10000) in paragraph at lines 677--678

 []


Underfull \hbox (badness 10000) in paragraph at lines 687--688

 []


Underfull \hbox (badness 10000) in paragraph at lines 689--690

 []

[22]
Underfull \hbox (badness 10000) in paragraph at lines 691--692

 []


Underfull \hbox (badness 10000) in paragraph at lines 693--694

 []


Underfull \hbox (badness 10000) in paragraph at lines 695--696

 []


Underfull \hbox (badness 10000) in paragraph at lines 701--702

 []


Underfull \hbox (badness 10000) in paragraph at lines 703--704

 []


Underfull \hbox (badness 10000) in paragraph at lines 705--706

 []


Underfull \hbox (badness 10000) in paragraph at lines 707--708

 []


Underfull \hbox (badness 10000) in paragraph at lines 709--710

 []


Underfull \hbox (badness 10000) in paragraph at lines 715--716

 []

[23]
Underfull \hbox (badness 10000) in paragraph at lines 717--718

 []


Underfull \hbox (badness 10000) in paragraph at lines 719--721

 []


Underfull \hbox (badness 10000) in paragraph at lines 726--728

 []


<F:/Memoire/CodeSavedOnline/New/MasterThesis/paper/SecondVersion/Graphs/sparkMa
pReduce.png, id=683, 459.6372pt x 264.5082pt>
File: F:/Memoire/CodeSavedOnline/New/MasterThesis/paper/SecondVersion/Graphs/sp
arkMapReduce.png Graphic file (type png)

<use F:/Memoire/CodeSavedOnline/New/MasterThesis/paper/SecondVersion/Graphs/spa
rkMapReduce.png>
Package pdftex.def Info: F:/Memoire/CodeSavedOnline/New/MasterThesis/paper/Seco
ndVersion/Graphs/sparkMapReduce.png used on input line 731.
(pdftex.def)             Requested size: 364.19667pt x 209.58879pt.

Underfull \hbox (badness 10000) in paragraph at lines 738--739

 []

[24 <F:/Memoire/CodeSavedOnline/New/MasterThesis/paper/SecondVersion/Graphs/spa
rkMapReduce.png (PNG copy)>]
Underfull \hbox (badness 10000) in paragraph at lines 740--741

 []


Underfull \hbox (badness 10000) in paragraph at lines 748--749

 []


Underfull \hbox (badness 10000) in paragraph at lines 750--751

 []


Underfull \hbox (badness 10000) in paragraph at lines 752--753

 []


Underfull \hbox (badness 10000) in paragraph at lines 754--755

 []


Underfull \hbox (badness 10000) in paragraph at lines 756--757

 []


Underfull \hbox (badness 10000) in paragraph at lines 766--767

 []


Underfull \hbox (badness 10000) in paragraph at lines 768--769

 []


Underfull \hbox (badness 10000) in paragraph at lines 770--771

 []

[25]
Underfull \hbox (badness 10000) in paragraph at lines 772--773

 []


Underfull \hbox (badness 10000) in paragraph at lines 774--775

 []


Underfull \hbox (badness 10000) in paragraph at lines 780--781

 []


Underfull \hbox (badness 10000) in paragraph at lines 782--783

 []


Underfull \hbox (badness 10000) in paragraph at lines 784--786

 []


Underfull \hbox (badness 10000) in paragraph at lines 787--788

 []


Underfull \hbox (badness 10000) in paragraph at lines 789--790

 []


Underfull \hbox (badness 10000) in paragraph at lines 795--796

 []


Underfull \hbox (badness 10000) in paragraph at lines 801--802

 []

[26]
Underfull \hbox (badness 10000) in paragraph at lines 803--804

 []


Underfull \hbox (badness 10000) in paragraph at lines 805--806

 []


Underfull \hbox (badness 10000) in paragraph at lines 807--808

 []


Underfull \hbox (badness 10000) in paragraph at lines 809--810

 []


Underfull \hbox (badness 10000) in paragraph at lines 811--813

 []


Underfull \hbox (badness 10000) in paragraph at lines 814--815

 []


Underfull \hbox (badness 10000) in paragraph at lines 816--817

 []


Underfull \hbox (badness 10000) in paragraph at lines 822--823

 []


Underfull \hbox (badness 10000) in paragraph at lines 824--825

 []

[27]
Underfull \hbox (badness 10000) in paragraph at lines 826--827

 []


Underfull \hbox (badness 10000) in paragraph at lines 828--829

 []


Underfull \hbox (badness 10000) in paragraph at lines 839--840

 []


Underfull \hbox (badness 10000) in paragraph at lines 883--884

 []


Underfull \hbox (badness 10000) in paragraph at lines 887--888

 []

[28]
Underfull \hbox (badness 10000) in paragraph at lines 889--890

 []


Underfull \hbox (badness 10000) in paragraph at lines 891--892

 []


Underfull \hbox (badness 10000) in paragraph at lines 927--928

 []


Underfull \hbox (badness 10000) in paragraph at lines 929--930

 []


Underfull \hbox (badness 10000) in paragraph at lines 931--932

 []


Underfull \hbox (badness 10000) in paragraph at lines 933--934

 []

[29]
<F:/Memoire/CodeSavedOnline/New/MasterThesis/paper/SecondVersion/Graphs/test_ar
chitecture.png, id=729, 362.35374pt x 330.23375pt>
File: F:/Memoire/CodeSavedOnline/New/MasterThesis/paper/SecondVersion/Graphs/te
st_architecture.png Graphic file (type png)

<use F:/Memoire/CodeSavedOnline/New/MasterThesis/paper/SecondVersion/Graphs/tes
t_architecture.png>
Package pdftex.def Info: F:/Memoire/CodeSavedOnline/New/MasterThesis/paper/Seco
ndVersion/Graphs/test_architecture.png used on input line 939.
(pdftex.def)             Requested size: 204.85846pt x 186.70334pt.

Underfull \hbox (badness 10000) in paragraph at lines 946--947

 []


Underfull \hbox (badness 10000) in paragraph at lines 948--949

 []


Underfull \hbox (badness 10000) in paragraph at lines 960--961

 []


Underfull \hbox (badness 10000) in paragraph at lines 962--963

 []

[30 <F:/Memoire/CodeSavedOnline/New/MasterThesis/paper/SecondVersion/Graphs/tes
t_architecture.png (PNG copy)>]
Underfull \hbox (badness 10000) in paragraph at lines 964--965

 []


<F:/Memoire/CodeSavedOnline/New/MasterThesis/paper/SecondVersion/Graphs/origina
lAlgorithm.png, id=736, 650.43pt x 680.5425pt>
File: F:/Memoire/CodeSavedOnline/New/MasterThesis/paper/SecondVersion/Graphs/or
iginalAlgorithm.png Graphic file (type png)

<use F:/Memoire/CodeSavedOnline/New/MasterThesis/paper/SecondVersion/Graphs/ori
ginalAlgorithm.png>
Package pdftex.def Info: F:/Memoire/CodeSavedOnline/New/MasterThesis/paper/Seco
ndVersion/Graphs/originalAlgorithm.png used on input line 970.
(pdftex.def)             Requested size: 386.96027pt x 404.88109pt.
LaTeX Font Info:    External font `lmex10' loaded for size
(Font)              <14.4> on input line 971.

<F:/Memoire/CodeSavedOnline/New/MasterThesis/paper/SecondVersion/Graphs/first_i
mplementation.png, id=737, 650.43pt x 680.5425pt>
File: F:/Memoire/CodeSavedOnline/New/MasterThesis/paper/SecondVersion/Graphs/fi
rst_implementation.png Graphic file (type png)

<use F:/Memoire/CodeSavedOnline/New/MasterThesis/paper/SecondVersion/Graphs/fir
st_implementation.png>
Package pdftex.def Info: F:/Memoire/CodeSavedOnline/New/MasterThesis/paper/Seco
ndVersion/Graphs/first_implementation.png used on input line 985.
(pdftex.def)             Requested size: 364.19667pt x 381.07004pt.


LaTeX Warning: `h' float specifier changed to `ht'.


Underfull \hbox (badness 10000) in paragraph at lines 993--994

 []

[31 <F:/Memoire/CodeSavedOnline/New/MasterThesis/paper/SecondVersion/Graphs/ori
ginalAlgorithm.png (PNG copy)>]
Underfull \hbox (badness 10000) in paragraph at lines 995--996

 []

[32 <F:/Memoire/CodeSavedOnline/New/MasterThesis/paper/SecondVersion/Graphs/fir
st_implementation.png (PNG copy)>]
Underfull \hbox (badness 10000) in paragraph at lines 1002--1003

 []


Underfull \hbox (badness 10000) in paragraph at lines 1006--1007

 []


Underfull \hbox (badness 10000) in paragraph at lines 1008--1009

 []


Underfull \hbox (badness 10000) in paragraph at lines 1010--1011

 []


Underfull \hbox (badness 10000) in paragraph at lines 1016--1017

 []

[33]
<F:/Memoire/CodeSavedOnline/New/MasterThesis/paper/SecondVersion/Graphs/quicker
_start.png, id=756, 650.43pt x 680.5425pt>
File: F:/Memoire/CodeSavedOnline/New/MasterThesis/paper/SecondVersion/Graphs/qu
icker_start.png Graphic file (type png)

<use F:/Memoire/CodeSavedOnline/New/MasterThesis/paper/SecondVersion/Graphs/qui
cker_start.png>
Package pdftex.def Info: F:/Memoire/CodeSavedOnline/New/MasterThesis/paper/Seco
ndVersion/Graphs/quicker_start.png used on input line 1022.
(pdftex.def)             Requested size: 386.96027pt x 404.88109pt.

Underfull \hbox (badness 10000) in paragraph at lines 1027--1028

 []


Underfull \hbox (badness 10000) in paragraph at lines 1029--1030

 []

[34 <F:/Memoire/CodeSavedOnline/New/MasterThesis/paper/SecondVersion/Graphs/qui
cker_start.png (PNG copy)>]
Underfull \hbox (badness 10000) in paragraph at lines 1031--1032

 []


Underfull \hbox (badness 10000) in paragraph at lines 1033--1034

 []


<F:/Memoire/CodeSavedOnline/New/MasterThesis/paper/SecondVersion/Graphs/new_fun
ctionalities.png, id=761, 650.43pt x 680.5425pt>
File: F:/Memoire/CodeSavedOnline/New/MasterThesis/paper/SecondVersion/Graphs/ne
w_functionalities.png Graphic file (type png)

<use F:/Memoire/CodeSavedOnline/New/MasterThesis/paper/SecondVersion/Graphs/new
_functionalities.png>
Package pdftex.def Info: F:/Memoire/CodeSavedOnline/New/MasterThesis/paper/Seco
ndVersion/Graphs/new_functionalities.png used on input line 1041.
(pdftex.def)             Requested size: 386.96027pt x 404.88109pt.

Underfull \hbox (badness 10000) in paragraph at lines 1046--1047

 []

[35 <F:/Memoire/CodeSavedOnline/New/MasterThesis/paper/SecondVersion/Graphs/new
_functionalities.png (PNG copy)>]
Underfull \hbox (badness 10000) in paragraph at lines 1048--1049

 []


Underfull \hbox (badness 10000) in paragraph at lines 1050--1051

 []


Underfull \hbox (badness 10000) in paragraph at lines 1052--1053

 []


<F:/Memoire/CodeSavedOnline/New/MasterThesis/paper/SecondVersion/Graphs/MaxItem
PerItemset_recalculated.png, id=767, 650.43pt x 680.5425pt>
File: F:/Memoire/CodeSavedOnline/New/MasterThesis/paper/SecondVersion/Graphs/Ma
xItemPerItemset_recalculated.png Graphic file (type png)

<use F:/Memoire/CodeSavedOnline/New/MasterThesis/paper/SecondVersion/Graphs/Max
ItemPerItemset_recalculated.png>
Package pdftex.def Info: F:/Memoire/CodeSavedOnline/New/MasterThesis/paper/Seco
ndVersion/Graphs/MaxItemPerItemset_recalculated.png used on input line 1060.
(pdftex.def)             Requested size: 386.96027pt x 404.88109pt.


LaTeX Warning: `h' float specifier changed to `ht'.


Underfull \hbox (badness 10000) in paragraph at lines 1069--1070

 []


<F:/Memoire/CodeSavedOnline/New/MasterThesis/paper/SecondVersion/Graphs/clean_b
efore_localExec.png, id=769, 813.0375pt x 850.67813pt>
File: F:/Memoire/CodeSavedOnline/New/MasterThesis/paper/SecondVersion/Graphs/cl
ean_before_localExec.png Graphic file (type png)

<use F:/Memoire/CodeSavedOnline/New/MasterThesis/paper/SecondVersion/Graphs/cle
an_before_localExec.png>
Package pdftex.def Info: F:/Memoire/CodeSavedOnline/New/MasterThesis/paper/Seco
ndVersion/Graphs/clean_before_localExec.png used on input line 1077.
(pdftex.def)             Requested size: 386.96027pt x 404.8681pt.


LaTeX Warning: `h' float specifier changed to `ht'.


Underfull \hbox (badness 10000) in paragraph at lines 1082--1083

 []


Underfull \hbox (badness 10000) in paragraph at lines 1086--1087

 []

[36]
<F:/Memoire/CodeSavedOnline/New/MasterThesis/paper/SecondVersion/Graphs/positio
nLists.png, id=776, 650.43pt x 680.5425pt>
File: F:/Memoire/CodeSavedOnline/New/MasterThesis/paper/SecondVersion/Graphs/po
sitionLists.png Graphic file (type png)

<use F:/Memoire/CodeSavedOnline/New/MasterThesis/paper/SecondVersion/Graphs/pos
itionLists.png>
Package pdftex.def Info: F:/Memoire/CodeSavedOnline/New/MasterThesis/paper/Seco
ndVersion/Graphs/positionLists.png used on input line 1094.
(pdftex.def)             Requested size: 409.71692pt x 428.69212pt.


LaTeX Warning: `h' float specifier changed to `ht'.


Underfull \hbox (badness 10000) in paragraph at lines 1099--1100

 []


Underfull \hbox (badness 10000) in paragraph at lines 1101--1102

 []


Underfull \hbox (badness 10000) in paragraph at lines 1103--1104

 []

[37 <F:/Memoire/CodeSavedOnline/New/MasterThesis/paper/SecondVersion/Graphs/Max
ItemPerItemset_recalculated.png (PNG copy)>]
Underfull \hbox (badness 10000) in paragraph at lines 1105--1106

 []


<F:/Memoire/CodeSavedOnline/New/MasterThesis/paper/SecondVersion/Graphs/scalabl
e_single_item.png, id=782, 650.43pt x 680.5425pt>
File: F:/Memoire/CodeSavedOnline/New/MasterThesis/paper/SecondVersion/Graphs/sc
alable_single_item.png Graphic file (type png)

<use F:/Memoire/CodeSavedOnline/New/MasterThesis/paper/SecondVersion/Graphs/sca
lable_single_item.png>
Package pdftex.def Info: F:/Memoire/CodeSavedOnline/New/MasterThesis/paper/Seco
ndVersion/Graphs/scalable_single_item.png used on input line 1113.
(pdftex.def)             Requested size: 409.71692pt x 428.69212pt.


LaTeX Warning: `h' float specifier changed to `ht'.


Underfull \hbox (badness 10000) in paragraph at lines 1118--1119

 []

[38 <F:/Memoire/CodeSavedOnline/New/MasterThesis/paper/SecondVersion/Graphs/cle
an_before_localExec.png (PNG copy)>]
Underfull \hbox (badness 10000) in paragraph at lines 1120--1121

 []


<F:/Memoire/CodeSavedOnline/New/MasterThesis/paper/SecondVersion/Graphs/priorit
y.png, id=788, 650.43pt x 680.5425pt>
File: F:/Memoire/CodeSavedOnline/New/MasterThesis/paper/SecondVersion/Graphs/pr
iority.png Graphic file (type png)

<use F:/Memoire/CodeSavedOnline/New/MasterThesis/paper/SecondVersion/Graphs/pri
ority.png>
Package pdftex.def Info: F:/Memoire/CodeSavedOnline/New/MasterThesis/paper/Seco
ndVersion/Graphs/priority.png used on input line 1130.
(pdftex.def)             Requested size: 409.71692pt x 428.69212pt.


LaTeX Warning: `h' float specifier changed to `ht'.


Underfull \hbox (badness 10000) in paragraph at lines 1140--1141

 []

[39 <F:/Memoire/CodeSavedOnline/New/MasterThesis/paper/SecondVersion/Graphs/pos
itionLists.png (PNG copy)>]
Underfull \hbox (badness 10000) in paragraph at lines 1142--1143

 []

[40 <F:/Memoire/CodeSavedOnline/New/MasterThesis/paper/SecondVersion/Graphs/sca
lable_single_item.png (PNG copy)>]
<F:/Memoire/CodeSavedOnline/New/MasterThesis/paper/SecondVersion/Graphs/priorit
y_final.png, id=799, 650.43pt x 680.5425pt>
File: F:/Memoire/CodeSavedOnline/New/MasterThesis/paper/SecondVersion/Graphs/pr
iority_final.png Graphic file (type png)

<use F:/Memoire/CodeSavedOnline/New/MasterThesis/paper/SecondVersion/Graphs/pri
ority_final.png>
Package pdftex.def Info: F:/Memoire/CodeSavedOnline/New/MasterThesis/paper/Seco
ndVersion/Graphs/priority_final.png used on input line 1150.
(pdftex.def)             Requested size: 409.71692pt x 428.69212pt.


LaTeX Warning: `h' float specifier changed to `ht'.


Underfull \hbox (badness 10000) in paragraph at lines 1155--1156

 []


<F:/Memoire/CodeSavedOnline/New/MasterThesis/paper/SecondVersion/Graphs/multi_i
tem_map.png, id=801, 650.43pt x 680.5425pt>
File: F:/Memoire/CodeSavedOnline/New/MasterThesis/paper/SecondVersion/Graphs/mu
lti_item_map.png Graphic file (type png)

<use F:/Memoire/CodeSavedOnline/New/MasterThesis/paper/SecondVersion/Graphs/mul
ti_item_map.png>
Package pdftex.def Info: F:/Memoire/CodeSavedOnline/New/MasterThesis/paper/Seco
ndVersion/Graphs/multi_item_map.png used on input line 1163.
(pdftex.def)             Requested size: 386.96027pt x 404.88109pt.


LaTeX Warning: `h' float specifier changed to `ht'.


Underfull \hbox (badness 10000) in paragraph at lines 1174--1175

 []


Underfull \hbox (badness 10000) in paragraph at lines 1176--1177

 []

[41 <F:/Memoire/CodeSavedOnline/New/MasterThesis/paper/SecondVersion/Graphs/pri
ority.png (PNG copy)>]
Underfull \hbox (badness 10000) in paragraph at lines 1178--1179

 []


Underfull \hbox (badness 10000) in paragraph at lines 1180--1181

 []


Underfull \hbox (badness 10000) in paragraph at lines 1182--1183

 []

[42 <F:/Memoire/CodeSavedOnline/New/MasterThesis/paper/SecondVersion/Graphs/pri
ority_final.png (PNG copy)>]
<F:/Memoire/CodeSavedOnline/New/MasterThesis/paper/SecondVersion/Graphs/multi_i
tem_cp.png, id=814, 650.43pt x 680.5425pt>
File: F:/Memoire/CodeSavedOnline/New/MasterThesis/paper/SecondVersion/Graphs/mu
lti_item_cp.png Graphic file (type png)

<use F:/Memoire/CodeSavedOnline/New/MasterThesis/paper/SecondVersion/Graphs/mul
ti_item_cp.png>
Package pdftex.def Info: F:/Memoire/CodeSavedOnline/New/MasterThesis/paper/Seco
ndVersion/Graphs/multi_item_cp.png used on input line 1190.
(pdftex.def)             Requested size: 386.96027pt x 404.88109pt.


LaTeX Warning: `h' float specifier changed to `ht'.


Underfull \hbox (badness 10000) in paragraph at lines 1201--1202

 []


Underfull \hbox (badness 10000) in paragraph at lines 1203--1204

 []

[43 <F:/Memoire/CodeSavedOnline/New/MasterThesis/paper/SecondVersion/Graphs/mul
ti_item_map.png (PNG copy)>]
<F:/Memoire/CodeSavedOnline/New/MasterThesis/paper/SecondVersion/Graphs/final_v
er.png, id=820, 650.43pt x 680.5425pt>
File: F:/Memoire/CodeSavedOnline/New/MasterThesis/paper/SecondVersion/Graphs/fi
nal_ver.png Graphic file (type png)

<use F:/Memoire/CodeSavedOnline/New/MasterThesis/paper/SecondVersion/Graphs/fin
al_ver.png>
Package pdftex.def Info: F:/Memoire/CodeSavedOnline/New/MasterThesis/paper/Seco
ndVersion/Graphs/final_ver.png used on input line 1211.
(pdftex.def)             Requested size: 409.71692pt x 428.69212pt.


LaTeX Warning: `h' float specifier changed to `ht'.


Underfull \hbox (badness 10000) in paragraph at lines 1216--1217

 []


Underfull \hbox (badness 10000) in paragraph at lines 1218--1219

 []


Underfull \hbox (badness 10000) in paragraph at lines 1220--1221

 []

[44 <F:/Memoire/CodeSavedOnline/New/MasterThesis/paper/SecondVersion/Graphs/mul
ti_item_cp.png (PNG copy)>]
Underfull \hbox (badness 10000) in paragraph at lines 1222--1223

 []


Underfull \hbox (badness 10000) in paragraph at lines 1224--1226

 []


Underfull \hbox (badness 10000) in paragraph at lines 1227--1228

 []

[45 <F:/Memoire/CodeSavedOnline/New/MasterThesis/paper/SecondVersion/Graphs/fin
al_ver.png (PNG copy)>]
Underfull \hbox (badness 10000) in paragraph at lines 1231--1232

 []


Underfull \hbox (badness 10000) in paragraph at lines 1233--1234

 []


Underfull \hbox (badness 10000) in paragraph at lines 1235--1236

 []


<F:/Memoire/CodeSavedOnline/New/MasterThesis/paper/SecondVersion/Graphs/scalabi
lity_orig.png, id=830, 650.43pt x 680.5425pt>
File: F:/Memoire/CodeSavedOnline/New/MasterThesis/paper/SecondVersion/Graphs/sc
alability_orig.png Graphic file (type png)

<use F:/Memoire/CodeSavedOnline/New/MasterThesis/paper/SecondVersion/Graphs/sca
lability_orig.png>
Package pdftex.def Info: F:/Memoire/CodeSavedOnline/New/MasterThesis/paper/Seco
ndVersion/Graphs/scalability_orig.png used on input line 1243.
(pdftex.def)             Requested size: 409.71692pt x 428.69212pt.


LaTeX Warning: `h' float specifier changed to `ht'.


Underfull \hbox (badness 10000) in paragraph at lines 1248--1249

 []


Underfull \hbox (badness 10000) in paragraph at lines 1250--1251

 []


<F:/Memoire/CodeSavedOnline/New/MasterThesis/paper/SecondVersion/Graphs/scalabi
lity_final.png, id=832, 650.43pt x 680.5425pt>
File: F:/Memoire/CodeSavedOnline/New/MasterThesis/paper/SecondVersion/Graphs/sc
alability_final.png Graphic file (type png)

<use F:/Memoire/CodeSavedOnline/New/MasterThesis/paper/SecondVersion/Graphs/sca
lability_final.png>
Package pdftex.def Info: F:/Memoire/CodeSavedOnline/New/MasterThesis/paper/Seco
ndVersion/Graphs/scalability_final.png used on input line 1256.
(pdftex.def)             Requested size: 409.71692pt x 428.69212pt.


LaTeX Warning: `h' float specifier changed to `ht'.


Underfull \hbox (badness 10000) in paragraph at lines 1261--1262

 []


Underfull \hbox (badness 10000) in paragraph at lines 1263--1264

 []


Underfull \hbox (badness 10000) in paragraph at lines 1265--1266

 []

[46]
Underfull \hbox (badness 10000) in paragraph at lines 1271--1273

 []


Underfull \hbox (badness 10000) in paragraph at lines 1274--1275

 []

[47 <F:/Memoire/CodeSavedOnline/New/MasterThesis/paper/SecondVersion/Graphs/sca
lability_orig.png (PNG copy)>] [48 <F:/Memoire/CodeSavedOnline/New/MasterThesis
/paper/SecondVersion/Graphs/scalability_final.png (PNG copy)>]
(F:\Memoire\CodeSavedOnline\New\MasterThesis\paper\SecondVersion\EPL-TFE_CoverP
ageTemplate.bbl ("C:\Program Files\MiKTeX 2.9\tex\latex\ucs\uni-32.def"
File: uni-32.def 2013/05/13 UCS: Unicode data U+2000..U+20FF
)
LaTeX Font Info:    Try loading font information for T1+lmtt on input line 35.

("C:\Program Files\MiKTeX 2.9\tex\latex\lm\t1lmtt.fd"
File: t1lmtt.fd 2009/10/30 v1.6 Font defs for Latin Modern
)
Package microtype Info: Loading generic settings for font family
(microtype)             `lmtt' (encoding: T1).
(microtype)             For optimal results, create family-specific settings.
(microtype)             See the microtype manual for details.

Underfull \hbox (badness 10000) in paragraph at lines 34--36
[]\T1/lmr/m/n/10.95 (+20) OscaR Team, ``Os-caR: Scala in OR,'' 2012.  Avail-abl
e from
 []

[49

]) [50]
(F:\Memoire\CodeSavedOnline\New\MasterThesis\paper\SecondVersion\EPL-TFE_CoverP
ageTemplate.acr)
<F:/Memoire/CodeSavedOnline/New/MasterThesis/paper/SecondVersion/Graphs/Smatrix
.png, id=879, 325.215pt x 108.405pt>
File: F:/Memoire/CodeSavedOnline/New/MasterThesis/paper/SecondVersion/Graphs/Sm
atrix.png Graphic file (type png)

<use F:/Memoire/CodeSavedOnline/New/MasterThesis/paper/SecondVersion/Graphs/Sma
trix.png>
Package pdftex.def Info: F:/Memoire/CodeSavedOnline/New/MasterThesis/paper/Seco
ndVersion/Graphs/Smatrix.png used on input line 1299.
(pdftex.def)             Requested size: 227.62206pt x 75.87636pt.

<F:/Memoire/CodeSavedOnline/New/MasterThesis/paper/SecondVersion/Graphs/SabMatr
ix.png, id=880, 188.705pt x 64.24pt>
File: F:/Memoire/CodeSavedOnline/New/MasterThesis/paper/SecondVersion/Graphs/Sa
bMatrix.png Graphic file (type png)

<use F:/Memoire/CodeSavedOnline/New/MasterThesis/paper/SecondVersion/Graphs/Sab
Matrix.png>
Package pdftex.def Info: F:/Memoire/CodeSavedOnline/New/MasterThesis/paper/Seco
ndVersion/Graphs/SabMatrix.png used on input line 1304.
(pdftex.def)             Requested size: 133.84462pt x 45.56366pt.

<F:/Memoire/CodeSavedOnline/New/MasterThesis/paper/SecondVersion/Graphs/PPICvsS
pecialised.png, id=881, 1263.72125pt x 758.835pt>
File: F:/Memoire/CodeSavedOnline/New/MasterThesis/paper/SecondVersion/Graphs/PP
ICvsSpecialised.png Graphic file (type png)

<use F:/Memoire/CodeSavedOnline/New/MasterThesis/paper/SecondVersion/Graphs/PPI
CvsSpecialised.png>
Package pdftex.def Info: F:/Memoire/CodeSavedOnline/New/MasterThesis/paper/Seco
ndVersion/Graphs/PPICvsSpecialised.png used on input line 1317.
(pdftex.def)             Requested size: 455.24411pt x 273.36566pt.

<F:/Memoire/CodeSavedOnline/New/MasterThesis/paper/SecondVersion/Graphs/spark_o
riginal_fixed_preprocessing.png, id=882, 650.43pt x 680.5425pt>
File: F:/Memoire/CodeSavedOnline/New/MasterThesis/paper/SecondVersion/Graphs/sp
ark_original_fixed_preprocessing.png Graphic file (type png)

<use F:/Memoire/CodeSavedOnline/New/MasterThesis/paper/SecondVersion/Graphs/spa
rk_original_fixed_preprocessing.png>
Package pdftex.def Info: F:/Memoire/CodeSavedOnline/New/MasterThesis/paper/Seco
ndVersion/Graphs/spark_original_fixed_preprocessing.png used on input line 1324
.
(pdftex.def)             Requested size: 409.71692pt x 428.69212pt.


LaTeX Warning: `h' float specifier changed to `ht'.


<F:/Memoire/CodeSavedOnline/New/MasterThesis/paper/SecondVersion/Graphs/sub_pro
blem_limit.png, id=883, 650.43pt x 680.5425pt>
File: F:/Memoire/CodeSavedOnline/New/MasterThesis/paper/SecondVersion/Graphs/su
b_problem_limit.png Graphic file (type png)

<use F:/Memoire/CodeSavedOnline/New/MasterThesis/paper/SecondVersion/Graphs/sub
_problem_limit.png>
Package pdftex.def Info: F:/Memoire/CodeSavedOnline/New/MasterThesis/paper/Seco
ndVersion/Graphs/sub_problem_limit.png used on input line 1331.
(pdftex.def)             Requested size: 409.71692pt x 428.69212pt.


LaTeX Warning: `h' float specifier changed to `ht'.


<F:/Memoire/CodeSavedOnline/New/MasterThesis/paper/SecondVersion/Graphs/multi_i
tem_map_improved.png, id=884, 650.43pt x 680.5425pt>
File: F:/Memoire/CodeSavedOnline/New/MasterThesis/paper/SecondVersion/Graphs/mu
lti_item_map_improved.png Graphic file (type png)

<use F:/Memoire/CodeSavedOnline/New/MasterThesis/paper/SecondVersion/Graphs/mul
ti_item_map_improved.png>
Package pdftex.def Info: F:/Memoire/CodeSavedOnline/New/MasterThesis/paper/Seco
ndVersion/Graphs/multi_item_map_improved.png used on input line 1344.
(pdftex.def)             Requested size: 409.71692pt x 428.69212pt.


LaTeX Warning: `h' float specifier changed to `ht'.

[51

 <F:/Memoire/CodeSavedOnline/New/MasterThesis/paper/SecondVersion/Graphs/Smatri
x.png (PNG copy)> <F:/Memoire/CodeSavedOnline/New/MasterThesis/paper/SecondVers
ion/Graphs/SabMatrix.png (PNG copy)> <F:/Memoire/CodeSavedOnline/New/MasterThes
is/paper/SecondVersion/Graphs/PPICvsSpecialised.png (PNG copy)>] [52 <F:/Memoir
e/CodeSavedOnline/New/MasterThesis/paper/SecondVersion/Graphs/spark_original_fi
xed_preprocessing.png (PNG copy)>] [53 <F:/Memoire/CodeSavedOnline/New/MasterTh
esis/paper/SecondVersion/Graphs/sub_problem_limit.png (PNG copy)>] [54 <F:/Memo
ire/CodeSavedOnline/New/MasterThesis/paper/SecondVersion/Graphs/multi_item_map_
improved.png (PNG copy)>]
Overfull \hbox (0.79999pt too wide) detected at line 1399
|[]|
 []


Overfull \hbox (0.79999pt too wide) detected at line 1446
|[]|
 []


LaTeX Warning: `h' float specifier changed to `ht'.


Overfull \hbox (0.79999pt too wide) detected at line 1469
|[]|
 []


LaTeX Warning: `h' float specifier changed to `ht'.


Overfull \hbox (0.79999pt too wide) detected at line 1541
|[]|
 []


LaTeX Warning: `h' float specifier changed to `ht'.


Overfull \hbox (0.79999pt too wide) detected at line 1572
|[]|
 []


LaTeX Warning: `h' float specifier changed to `ht'.


Overfull \hbox (0.79999pt too wide) detected at line 1633
|[]|
 []


LaTeX Warning: `h' float specifier changed to `ht'.


Overfull \hbox (0.79999pt too wide) detected at line 1676
|[]|
 []


LaTeX Warning: `h' float specifier changed to `ht'.


Overfull \hbox (0.79999pt too wide) detected at line 1731
|[]|
 []


LaTeX Warning: `h' float specifier changed to `ht'.


Overfull \hbox (0.79999pt too wide) detected at line 1760
|[]|
 []


LaTeX Warning: `h' float specifier changed to `ht'.


Overfull \hbox (0.79999pt too wide) detected at line 1805
|[]|
 []


LaTeX Warning: `h' float specifier changed to `ht'.


Overfull \hbox (0.79999pt too wide) detected at line 1855
|[]|
 []


LaTeX Warning: `h' float specifier changed to `ht'.


Overfull \hbox (0.79999pt too wide) detected at line 1904
|[]|
 []


LaTeX Warning: `h' float specifier changed to `ht'.


Overfull \hbox (0.79999pt too wide) detected at line 1968
|[]|
 []


LaTeX Warning: Float too large for page by 0.60048pt on input line 1968.


LaTeX Warning: `h' float specifier changed to `ht'.


Overfull \hbox (0.79999pt too wide) detected at line 1995
|[]|
 []


LaTeX Warning: `h' float specifier changed to `ht'.


Overfull \hbox (0.79999pt too wide) detected at line 2040
|[]|
 []


LaTeX Warning: `h' float specifier changed to `ht'.


Overfull \hbox (0.79999pt too wide) detected at line 2087
|[]|
 []


LaTeX Warning: `h' float specifier changed to `ht'.


Overfull \hbox (0.79999pt too wide) detected at line 2147
|[]|
 []


LaTeX Warning: Float too large for page by 14.36687pt on input line 2147.


LaTeX Warning: `h' float specifier changed to `ht'.


Overfull \hbox (0.79999pt too wide) detected at line 2201
|[]|
 []


LaTeX Warning: `h' float specifier changed to `ht'.

[55

] [56] [57] [58] [59] [60] [61] [62] [63] [64] [65] [66] [67] [68] [69]
[70] [71] [72]
Overfull \hbox (0.79999pt too wide) detected at line 2248
|[]|
 []


LaTeX Warning: `h' float specifier changed to `ht'.

[73]
*geometry* verbose mode - [ newgeometry ] result:
* driver: pdftex
* paper: <default>
* layout: <same size as paper>
* layoutoffset:(h,v)=(0.0pt,0.0pt)
* modes: 
* h-part:(L,W,R)=(35.56593pt, 526.376pt, 35.56593pt)
* v-part:(T,H,B)=(35.56593pt, 773.91498pt, 35.56593pt)
* \paperwidth=597.50787pt
* \paperheight=845.04684pt
* \textwidth=526.376pt
* \textheight=773.91498pt
* \oddsidemargin=-36.70406pt
* \evensidemargin=-36.70406pt
* \topmargin=-73.70406pt
* \headheight=12.0pt
* \headsep=25.0pt
* \topskip=11.0pt
* \footskip=30.0pt
* \marginparwidth=50.0pt
* \marginparsep=10.0pt
* \columnsep=10.0pt
* \skip\footins=10.0pt plus 4.0pt minus 2.0pt
* \hoffset=0.0pt
* \voffset=0.0pt
* \mag=1000
* \@twocolumnfalse
* \@twosidefalse
* \@mparswitchfalse
* \@reversemarginfalse
* (1in=72.27pt=25.4mm, 1cm=28.453pt)



Package xcolor Warning: Incompatible color definition on input line 2253.


Package xcolor Warning: Incompatible color definition on input line 2253.

LaTeX Font Info:    Font shape `T1/phv/bx/n' in size <9> not available
(Font)              Font shape `T1/phv/b/n' tried instead on input line 2253.

Package xcolor Warning: Incompatible color definition on input line 2253.


Overfull \hbox (1.90796pt too wide) in paragraph at lines 2253--2254
 [][][] 
 []

[74


]
Package atveryend Info: Empty hook `BeforeClearDocument' on input line 2254.
Package atveryend Info: Empty hook `AfterLastShipout' on input line 2254.

(F:\Memoire\CodeSavedOnline\New\MasterThesis\paper\SecondVersion\EPL-TFE_CoverP
ageTemplate.aux)
Package atveryend Info: Executing hook `AtVeryEndDocument' on input line 2254.
Package atveryend Info: Executing hook `AtEndAfterFileList' on input line 2254.

Package rerunfilecheck Info: File `EPL-TFE_CoverPageTemplate.out' has not chang
ed.
(rerunfilecheck)             Checksum: 89CB8643BC8A39450E35B174796898D1;5691.


LaTeX Warning: There were undefined references.

 )
(\end occurred inside a group at level 1)

### simple group (level 1) entered at line 1061 ({)
### bottom level 
Here is how much of TeX's memory you used:
 37580 strings out of 493921
 795436 string characters out of 3147281
 993314 words of memory out of 3000000
 39257 multiletter control sequences out of 15000+200000
 99810 words of font info for 136 fonts, out of 3000000 for 9000
 841 hyphenation exceptions out of 8191
 124i,27n,136p,1939b,11475s stack positions out of 5000i,500n,10000p,200000b,50000s
{C:/Program Files/MiKTeX 2.9/fonts/enc/dvips/lm/lm-ec.enc}{C:/P
rogram Files/MiKTeX 2.9/fonts/enc/dvips/lm/lm-mathex.enc}{C:/Program Files/MiKT
eX 2.9/fonts/enc/dvips/lm/lm-mathit.enc}{C:/Program Files/MiKTeX 2.9/fonts/enc/
dvips/lm/lm-rm.enc}{C:/Program Files/MiKTeX 2.9/fonts/enc/dvips/lm/lm-mathsy.en
c}{C:/Program Files/MiKTeX 2.9/fonts/enc/dvips/fontname/8r.enc}<C:/Program File
s/MiKTeX 2.9/fonts/type1/public/lm/lmbx10.pfb><C:/Program Files/MiKTeX 2.9/font
s/type1/public/lm/lmbx12.pfb><C:/Program Files/MiKTeX 2.9/fonts/type1/public/lm
/lmbx8.pfb><C:/Program Files/MiKTeX 2.9/fonts/type1/public/lm/lmbxi10.pfb><C:/P
rogram Files/MiKTeX 2.9/fonts/type1/public/lm/lmex10.pfb><C:/Program Files/MiKT
eX 2.9/fonts/type1/public/lm/lmmi10.pfb><C:/Program Files/MiKTeX 2.9/fonts/type
1/public/lm/lmmi6.pfb><C:/Program Files/MiKTeX 2.9/fonts/type1/public/lm/lmmi8.
pfb><C:/Program Files/MiKTeX 2.9/fonts/type1/public/lm/lmr10.pfb><C:/Program Fi
les/MiKTeX 2.9/fonts/type1/public/lm/lmr8.pfb><C:/Program Files/MiKTeX 2.9/font
s/type1/public/lm/lmri10.pfb><C:/Program Files/MiKTeX 2.9/fonts/type1/public/lm
/lmsy10.pfb><C:/Program Files/MiKTeX 2.9/fonts/type1/public/lm/lmtt10.pfb><C:/P
rogram Files/MiKTeX 2.9/fonts/type1/urw/helvetic/uhvb8a.pfb><C:/Program Files/M
iKTeX 2.9/fonts/type1/urw/helvetic/uhvr8a.pfb>
Output written on EPL-TFE_CoverPageTemplate.pdf (75 pages, 2393832 bytes).
PDF statistics:
 1758 PDF objects out of 2073 (max. 8388607)
 809 named destinations out of 1000 (max. 500000)
 27336 words of extra memory for PDF output out of 29859 (max. 10000000)

